###############################################################################
#
# IAR ANSI C/C++ Compiler V7.40.3.8902/W32 for ARM        27/Jul/2016  00:13:57
# Copyright 1999-2015 IAR Systems AB.
#
#    Cpu mode     =  thumb
#    Endian       =  little
#    Source file  =  
#        D:\Study\2016电子设计大赛\Ti\电赛备用底层\Board\src\Digitron.c
#    Command line =  
#        D:\Study\2016电子设计大赛\Ti\电赛备用底层\Board\src\Digitron.c -D
#        DEBUG -D ARM_MATH_CM4 -D MK60DZ10 -lCN
#        D:\Study\2016电子设计大赛\Ti\电赛备用底层\Prj\IAR\DZ10_Debug\List\ -lB
#        D:\Study\2016电子设计大赛\Ti\电赛备用底层\Prj\IAR\DZ10_Debug\List\ -o
#        D:\Study\2016电子设计大赛\Ti\电赛备用底层\Prj\IAR\DZ10_Debug\Obj\
#        --no_cse --no_unroll --no_inline --no_code_motion --no_tbaa
#        --no_clustering --no_scheduling --debug --endian=little
#        --cpu=Cortex-M4 -e --fpu=None --dlib_config "E:\IAR for
#        ARM\arm\INC\c\DLib_Config_Full.h" -I
#        D:\Study\2016电子设计大赛\Ti\电赛备用底层\Prj\IAR\..\..\App\ -I
#        D:\Study\2016电子设计大赛\Ti\电赛备用底层\Prj\IAR\..\..\App\Inc\ -I
#        D:\Study\2016电子设计大赛\Ti\电赛备用底层\Prj\IAR\..\..\Board\Inc\ -I
#        D:\Study\2016电子设计大赛\Ti\电赛备用底层\Prj\IAR\..\..\Chip\inc\ -I
#        D:\Study\2016电子设计大赛\Ti\电赛备用底层\Prj\IAR\..\..\Chip\inc\IAR\
#        -I
#        D:\Study\2016电子设计大赛\Ti\电赛备用底层\Prj\IAR\..\..\Chip\inc\kinetis\
#        -I
#        D:\Study\2016电子设计大赛\Ti\电赛备用底层\Prj\IAR\..\..\Lib\CMSIS\Inc\
#        -I D:\Study\2016电子设计大赛\Ti\电赛备用底层\Prj\IAR\..\..\Lib\FatFs\
#        -I D:\Study\2016电子设计大赛\Ti\电赛备用底层\Prj\IAR\..\..\Lib\USB\ -I
#        D:\Study\2016电子设计大赛\Ti\电赛备用底层\Prj\IAR\..\..\Board\Accessories\
#        -I
#        D:\Study\2016电子设计大赛\Ti\电赛备用底层\Prj\IAR\..\..\Board\Accessories\MPU6050\
#        -I
#        D:\Study\2016电子设计大赛\Ti\电赛备用底层\Prj\IAR\..\..\Board\Accessories\IMU\
#        -I
#        D:\Study\2016电子设计大赛\Ti\电赛备用底层\Prj\IAR\..\..\Board\Accessories\Driver\
#        -On
#    List file    =  
#        D:\Study\2016电子设计大赛\Ti\电赛备用底层\Prj\IAR\DZ10_Debug\List\Digitron.lst
#    Object file  =  
#        D:\Study\2016电子设计大赛\Ti\电赛备用底层\Prj\IAR\DZ10_Debug\Obj\Digitron.o
#
###############################################################################

D:\Study\2016电子设计大赛\Ti\电赛备用底层\Board\src\Digitron.c
      1          #include "Digitron.h"
      2          

   \                                 In section .bss, align 4
      3          int unit,decade,hundred,thousand;
   \                     unit:
   \   00000000                      DS8 4

   \                                 In section .bss, align 4
   \                     decade:
   \   00000000                      DS8 4

   \                                 In section .bss, align 4
   \                     hundred:
   \   00000000                      DS8 4

   \                                 In section .bss, align 4
   \                     thousand:
   \   00000000                      DS8 4
      4          
      5          

   \                                 In section .text, align 2, keep-with-next
      6          void Digitron_IO_Init(void)
      7          {
   \                     Digitron_IO_Init: (+1)
   \   00000000   0xB580             PUSH     {R7,LR}
      8              gpio_init(PTC10,GPO,0); // a       
   \   00000002   0x2200             MOVS     R2,#+0
   \   00000004   0x2101             MOVS     R1,#+1
   \   00000006   0x204A             MOVS     R0,#+74
   \   00000008   0x.... 0x....      BL       gpio_init
      9              gpio_init(PTC11,GPO,0); // b
   \   0000000C   0x2200             MOVS     R2,#+0
   \   0000000E   0x2101             MOVS     R1,#+1
   \   00000010   0x204B             MOVS     R0,#+75
   \   00000012   0x.... 0x....      BL       gpio_init
     10              gpio_init(PTC12,GPO,0); // c
   \   00000016   0x2200             MOVS     R2,#+0
   \   00000018   0x2101             MOVS     R1,#+1
   \   0000001A   0x204C             MOVS     R0,#+76
   \   0000001C   0x.... 0x....      BL       gpio_init
     11              gpio_init(PTC13,GPO,0); // d
   \   00000020   0x2200             MOVS     R2,#+0
   \   00000022   0x2101             MOVS     R1,#+1
   \   00000024   0x204D             MOVS     R0,#+77
   \   00000026   0x.... 0x....      BL       gpio_init
     12              gpio_init(PTC14,GPO,0); // e
   \   0000002A   0x2200             MOVS     R2,#+0
   \   0000002C   0x2101             MOVS     R1,#+1
   \   0000002E   0x204E             MOVS     R0,#+78
   \   00000030   0x.... 0x....      BL       gpio_init
     13              gpio_init(PTC15,GPO,0); // f
   \   00000034   0x2200             MOVS     R2,#+0
   \   00000036   0x2101             MOVS     R1,#+1
   \   00000038   0x204F             MOVS     R0,#+79
   \   0000003A   0x.... 0x....      BL       gpio_init
     14              gpio_init(PTC16,GPO,0); // g
   \   0000003E   0x2200             MOVS     R2,#+0
   \   00000040   0x2101             MOVS     R1,#+1
   \   00000042   0x2050             MOVS     R0,#+80
   \   00000044   0x.... 0x....      BL       gpio_init
     15              gpio_init(PTC17,GPO,0); // .
   \   00000048   0x2200             MOVS     R2,#+0
   \   0000004A   0x2101             MOVS     R1,#+1
   \   0000004C   0x2051             MOVS     R0,#+81
   \   0000004E   0x.... 0x....      BL       gpio_init
     16              
     17              gpio_init(PTC0,GPO,1); // 位选 0位  置0生效  
   \   00000052   0x2201             MOVS     R2,#+1
   \   00000054   0x2101             MOVS     R1,#+1
   \   00000056   0x2040             MOVS     R0,#+64
   \   00000058   0x.... 0x....      BL       gpio_init
     18              gpio_init(PTC1,GPO,1); //      1位
   \   0000005C   0x2201             MOVS     R2,#+1
   \   0000005E   0x2101             MOVS     R1,#+1
   \   00000060   0x2041             MOVS     R0,#+65
   \   00000062   0x.... 0x....      BL       gpio_init
     19              gpio_init(PTC2,GPO,1); //      2位
   \   00000066   0x2201             MOVS     R2,#+1
   \   00000068   0x2101             MOVS     R1,#+1
   \   0000006A   0x2042             MOVS     R0,#+66
   \   0000006C   0x.... 0x....      BL       gpio_init
     20              gpio_init(PTC3,GPO,1); //      3位
   \   00000070   0x2201             MOVS     R2,#+1
   \   00000072   0x2101             MOVS     R1,#+1
   \   00000074   0x2043             MOVS     R0,#+67
   \   00000076   0x.... 0x....      BL       gpio_init
     21              
     22          
     23              gpio_init(PTC4,GPO,0); // 段使能
   \   0000007A   0x2200             MOVS     R2,#+0
   \   0000007C   0x2101             MOVS     R1,#+1
   \   0000007E   0x2044             MOVS     R0,#+68
   \   00000080   0x.... 0x....      BL       gpio_init
     24              gpio_init(PTC5,GPO,0); // 位使能
   \   00000084   0x2200             MOVS     R2,#+0
   \   00000086   0x2101             MOVS     R1,#+1
   \   00000088   0x2045             MOVS     R0,#+69
   \   0000008A   0x.... 0x....      BL       gpio_init
     25              
     26          }
   \   0000008E   0xBD01             POP      {R0,PC}          ;; return
     27          

   \                                 In section .text, align 2, keep-with-next
     28          void Digit_Show(int timecount)
     29          {
     30          
     31          
     32            switch(timecount)
   \                     Digit_Show: (+1)
   \   00000000   0x2800             CMP      R0,#+0
   \   00000002   0xD00E             BEQ.N    ??Digit_Show_0
   \   00000004   0x2802             CMP      R0,#+2
   \   00000006   0xD022             BEQ.N    ??Digit_Show_1
   \   00000008   0xD316             BCC.N    ??Digit_Show_2
   \   0000000A   0x2804             CMP      R0,#+4
   \   0000000C   0xD035             BEQ.N    ??Digit_Show_3
   \   0000000E   0xD329             BCC.N    ??Digit_Show_4
   \   00000010   0x2806             CMP      R0,#+6
   \   00000012   0xD048             BEQ.N    ??Digit_Show_5
   \   00000014   0xD33C             BCC.N    ??Digit_Show_6
   \   00000016   0x2808             CMP      R0,#+8
   \   00000018   0xD05B             BEQ.N    ??Digit_Show_7
   \   0000001A   0xD34F             BCC.N    ??Digit_Show_8
   \   0000001C   0x2809             CMP      R0,#+9
   \   0000001E   0xD063             BEQ.N    ??Digit_Show_9
   \   00000020   0xE06D             B.N      ??Digit_Show_10
     33            {
     34              case 0:  ZERO;  break;
   \                     ??Digit_Show_0: (+1)
   \   00000022   0x....             LDR.N    R1,??DataTable1
   \   00000024   0x6889             LDR      R1,[R1, #+8]
   \   00000026   0x6809             LDR      R1,[R1, #+0]
   \   00000028   0xF431 0x317F      BICS     R1,R1,#0x3FC00
   \   0000002C   0xF451 0x417C      ORRS     R1,R1,#0xFC00
   \   00000030   0x....             LDR.N    R2,??DataTable1
   \   00000032   0x6892             LDR      R2,[R2, #+8]
   \   00000034   0x6011             STR      R1,[R2, #+0]
   \   00000036   0xE062             B.N      ??Digit_Show_11
     35              case 1:  ONE;   break;
   \                     ??Digit_Show_2: (+1)
   \   00000038   0x....             LDR.N    R1,??DataTable1
   \   0000003A   0x6889             LDR      R1,[R1, #+8]
   \   0000003C   0x6809             LDR      R1,[R1, #+0]
   \   0000003E   0xF431 0x317F      BICS     R1,R1,#0x3FC00
   \   00000042   0xF451 0x51C0      ORRS     R1,R1,#0x1800
   \   00000046   0x....             LDR.N    R2,??DataTable1
   \   00000048   0x6892             LDR      R2,[R2, #+8]
   \   0000004A   0x6011             STR      R1,[R2, #+0]
   \   0000004C   0xE057             B.N      ??Digit_Show_11
     36              case 2:  TWO;   break;
   \                     ??Digit_Show_1: (+1)
   \   0000004E   0x....             LDR.N    R1,??DataTable1
   \   00000050   0x6889             LDR      R1,[R1, #+8]
   \   00000052   0x6809             LDR      R1,[R1, #+0]
   \   00000054   0xF431 0x317F      BICS     R1,R1,#0x3FC00
   \   00000058   0xF451 0x31B6      ORRS     R1,R1,#0x16C00
   \   0000005C   0x....             LDR.N    R2,??DataTable1
   \   0000005E   0x6892             LDR      R2,[R2, #+8]
   \   00000060   0x6011             STR      R1,[R2, #+0]
   \   00000062   0xE04C             B.N      ??Digit_Show_11
     37              case 3:  THREE; break;
   \                     ??Digit_Show_4: (+1)
   \   00000064   0x....             LDR.N    R1,??DataTable1
   \   00000066   0x6889             LDR      R1,[R1, #+8]
   \   00000068   0x6809             LDR      R1,[R1, #+0]
   \   0000006A   0xF431 0x317F      BICS     R1,R1,#0x3FC00
   \   0000006E   0xF451 0x319E      ORRS     R1,R1,#0x13C00
   \   00000072   0x....             LDR.N    R2,??DataTable1
   \   00000074   0x6892             LDR      R2,[R2, #+8]
   \   00000076   0x6011             STR      R1,[R2, #+0]
   \   00000078   0xE041             B.N      ??Digit_Show_11
     38              case 4:  FOUR;  break;
   \                     ??Digit_Show_3: (+1)
   \   0000007A   0x....             LDR.N    R1,??DataTable1
   \   0000007C   0x6889             LDR      R1,[R1, #+8]
   \   0000007E   0x6809             LDR      R1,[R1, #+0]
   \   00000080   0xF431 0x317F      BICS     R1,R1,#0x3FC00
   \   00000084   0xF451 0x31CC      ORRS     R1,R1,#0x19800
   \   00000088   0x....             LDR.N    R2,??DataTable1
   \   0000008A   0x6892             LDR      R2,[R2, #+8]
   \   0000008C   0x6011             STR      R1,[R2, #+0]
   \   0000008E   0xE036             B.N      ??Digit_Show_11
     39              case 5:  FIVE;  break;
   \                     ??Digit_Show_6: (+1)
   \   00000090   0x....             LDR.N    R1,??DataTable1
   \   00000092   0x6889             LDR      R1,[R1, #+8]
   \   00000094   0x6809             LDR      R1,[R1, #+0]
   \   00000096   0xF431 0x317F      BICS     R1,R1,#0x3FC00
   \   0000009A   0xF451 0x31DA      ORRS     R1,R1,#0x1B400
   \   0000009E   0x....             LDR.N    R2,??DataTable1
   \   000000A0   0x6892             LDR      R2,[R2, #+8]
   \   000000A2   0x6011             STR      R1,[R2, #+0]
   \   000000A4   0xE02B             B.N      ??Digit_Show_11
     40              case 6:  SIX;   break;
   \                     ??Digit_Show_5: (+1)
   \   000000A6   0x....             LDR.N    R1,??DataTable1
   \   000000A8   0x6889             LDR      R1,[R1, #+8]
   \   000000AA   0x6809             LDR      R1,[R1, #+0]
   \   000000AC   0xF431 0x317F      BICS     R1,R1,#0x3FC00
   \   000000B0   0xF451 0x31FA      ORRS     R1,R1,#0x1F400
   \   000000B4   0x....             LDR.N    R2,??DataTable1
   \   000000B6   0x6892             LDR      R2,[R2, #+8]
   \   000000B8   0x6011             STR      R1,[R2, #+0]
   \   000000BA   0xE020             B.N      ??Digit_Show_11
     41              case 7:  SEVEN; break;
   \                     ??Digit_Show_8: (+1)
   \   000000BC   0x....             LDR.N    R1,??DataTable1
   \   000000BE   0x6889             LDR      R1,[R1, #+8]
   \   000000C0   0x6809             LDR      R1,[R1, #+0]
   \   000000C2   0xF431 0x317F      BICS     R1,R1,#0x3FC00
   \   000000C6   0xF451 0x51E0      ORRS     R1,R1,#0x1C00
   \   000000CA   0x....             LDR.N    R2,??DataTable1
   \   000000CC   0x6892             LDR      R2,[R2, #+8]
   \   000000CE   0x6011             STR      R1,[R2, #+0]
   \   000000D0   0xE015             B.N      ??Digit_Show_11
     42              case 8:  EIGHT; break;
   \                     ??Digit_Show_7: (+1)
   \   000000D2   0x....             LDR.N    R1,??DataTable1
   \   000000D4   0x6889             LDR      R1,[R1, #+8]
   \   000000D6   0x6809             LDR      R1,[R1, #+0]
   \   000000D8   0xF431 0x317F      BICS     R1,R1,#0x3FC00
   \   000000DC   0xF451 0x31FE      ORRS     R1,R1,#0x1FC00
   \   000000E0   0x....             LDR.N    R2,??DataTable1
   \   000000E2   0x6892             LDR      R2,[R2, #+8]
   \   000000E4   0x6011             STR      R1,[R2, #+0]
   \   000000E6   0xE00A             B.N      ??Digit_Show_11
     43              case 9:  NINE;  break;
   \                     ??Digit_Show_9: (+1)
   \   000000E8   0x....             LDR.N    R1,??DataTable1
   \   000000EA   0x6889             LDR      R1,[R1, #+8]
   \   000000EC   0x6809             LDR      R1,[R1, #+0]
   \   000000EE   0xF431 0x317F      BICS     R1,R1,#0x3FC00
   \   000000F2   0xF451 0x31DE      ORRS     R1,R1,#0x1BC00
   \   000000F6   0x....             LDR.N    R2,??DataTable1
   \   000000F8   0x6892             LDR      R2,[R2, #+8]
   \   000000FA   0x6011             STR      R1,[R2, #+0]
   \   000000FC   0xE7FF             B.N      ??Digit_Show_11
     44              default:        break;
     45            }  
     46          
     47          }
   \                     ??Digit_Show_10: (+1)
   \                     ??Digit_Show_11: (+1)
   \   000000FE   0x4770             BX       LR               ;; return
     48          

   \                                 In section .text, align 2, keep-with-next
     49          void Digitron_Show(void)
     50          {
   \                     Digitron_Show: (+1)
   \   00000000   0xB580             PUSH     {R7,LR}
     51          
     52          
     53              
     54              if(unit>=0)
   \   00000002   0x....             LDR.N    R0,??DataTable1_1
   \   00000004   0x6800             LDR      R0,[R0, #+0]
   \   00000006   0x2800             CMP      R0,#+0
   \   00000008   0xD416             BMI.N    ??Digitron_Show_0
     55              {
     56                gpio_set (PTC1, 1);
   \   0000000A   0x2101             MOVS     R1,#+1
   \   0000000C   0x2041             MOVS     R0,#+65
   \   0000000E   0x.... 0x....      BL       gpio_set
     57                gpio_set (PTC2, 1);
   \   00000012   0x2101             MOVS     R1,#+1
   \   00000014   0x2042             MOVS     R0,#+66
   \   00000016   0x.... 0x....      BL       gpio_set
     58                gpio_set (PTC3, 1);
   \   0000001A   0x2101             MOVS     R1,#+1
   \   0000001C   0x2043             MOVS     R0,#+67
   \   0000001E   0x.... 0x....      BL       gpio_set
     59                Digit_Show(unit);
   \   00000022   0x....             LDR.N    R0,??DataTable1_1
   \   00000024   0x6800             LDR      R0,[R0, #+0]
   \   00000026   0x.... 0x....      BL       Digit_Show
     60                UNIT_SHOW;
   \   0000002A   0x2100             MOVS     R1,#+0
   \   0000002C   0x2040             MOVS     R0,#+64
   \   0000002E   0x.... 0x....      BL       gpio_set
     61                DELAY_MS(1);
   \   00000032   0x2001             MOVS     R0,#+1
   \   00000034   0x.... 0x....      BL       systick_delay_ms
     62              }
     63              
     64              if(decade>=0)
   \                     ??Digitron_Show_0: (+1)
   \   00000038   0x....             LDR.N    R0,??DataTable1_2
   \   0000003A   0x6800             LDR      R0,[R0, #+0]
   \   0000003C   0x2800             CMP      R0,#+0
   \   0000003E   0xD416             BMI.N    ??Digitron_Show_1
     65              {
     66                gpio_set (PTC0, 1);
   \   00000040   0x2101             MOVS     R1,#+1
   \   00000042   0x2040             MOVS     R0,#+64
   \   00000044   0x.... 0x....      BL       gpio_set
     67                gpio_set (PTC2, 1);
   \   00000048   0x2101             MOVS     R1,#+1
   \   0000004A   0x2042             MOVS     R0,#+66
   \   0000004C   0x.... 0x....      BL       gpio_set
     68                gpio_set (PTC3, 1);
   \   00000050   0x2101             MOVS     R1,#+1
   \   00000052   0x2043             MOVS     R0,#+67
   \   00000054   0x.... 0x....      BL       gpio_set
     69                Digit_Show(decade);
   \   00000058   0x....             LDR.N    R0,??DataTable1_2
   \   0000005A   0x6800             LDR      R0,[R0, #+0]
   \   0000005C   0x.... 0x....      BL       Digit_Show
     70                DECADE_SHOW;
   \   00000060   0x2100             MOVS     R1,#+0
   \   00000062   0x2041             MOVS     R0,#+65
   \   00000064   0x.... 0x....      BL       gpio_set
     71                DELAY_MS(1);
   \   00000068   0x2001             MOVS     R0,#+1
   \   0000006A   0x.... 0x....      BL       systick_delay_ms
     72               }
     73              
     74              if(hundred>=0)
   \                     ??Digitron_Show_1: (+1)
   \   0000006E   0x....             LDR.N    R0,??DataTable1_3
   \   00000070   0x6800             LDR      R0,[R0, #+0]
   \   00000072   0x2800             CMP      R0,#+0
   \   00000074   0xD416             BMI.N    ??Digitron_Show_2
     75              {
     76                gpio_set (PTC0, 1);
   \   00000076   0x2101             MOVS     R1,#+1
   \   00000078   0x2040             MOVS     R0,#+64
   \   0000007A   0x.... 0x....      BL       gpio_set
     77                gpio_set (PTC1, 1);
   \   0000007E   0x2101             MOVS     R1,#+1
   \   00000080   0x2041             MOVS     R0,#+65
   \   00000082   0x.... 0x....      BL       gpio_set
     78                gpio_set (PTC3, 1);
   \   00000086   0x2101             MOVS     R1,#+1
   \   00000088   0x2043             MOVS     R0,#+67
   \   0000008A   0x.... 0x....      BL       gpio_set
     79                Digit_Show(hundred);
   \   0000008E   0x....             LDR.N    R0,??DataTable1_3
   \   00000090   0x6800             LDR      R0,[R0, #+0]
   \   00000092   0x.... 0x....      BL       Digit_Show
     80                HUNDRED_SHOW;
   \   00000096   0x2100             MOVS     R1,#+0
   \   00000098   0x2042             MOVS     R0,#+66
   \   0000009A   0x.... 0x....      BL       gpio_set
     81                DELAY_MS(1);
   \   0000009E   0x2001             MOVS     R0,#+1
   \   000000A0   0x.... 0x....      BL       systick_delay_ms
     82               }
     83          
     84              if(thousand>=0)
   \                     ??Digitron_Show_2: (+1)
   \   000000A4   0x....             LDR.N    R0,??DataTable1_4
   \   000000A6   0x6800             LDR      R0,[R0, #+0]
   \   000000A8   0x2800             CMP      R0,#+0
   \   000000AA   0xD416             BMI.N    ??Digitron_Show_3
     85              {
     86                gpio_set (PTC0, 1);
   \   000000AC   0x2101             MOVS     R1,#+1
   \   000000AE   0x2040             MOVS     R0,#+64
   \   000000B0   0x.... 0x....      BL       gpio_set
     87                gpio_set (PTC1, 1);
   \   000000B4   0x2101             MOVS     R1,#+1
   \   000000B6   0x2041             MOVS     R0,#+65
   \   000000B8   0x.... 0x....      BL       gpio_set
     88                gpio_set (PTC2, 1);
   \   000000BC   0x2101             MOVS     R1,#+1
   \   000000BE   0x2042             MOVS     R0,#+66
   \   000000C0   0x.... 0x....      BL       gpio_set
     89                Digit_Show(thousand);
   \   000000C4   0x....             LDR.N    R0,??DataTable1_4
   \   000000C6   0x6800             LDR      R0,[R0, #+0]
   \   000000C8   0x.... 0x....      BL       Digit_Show
     90                THOUSAND_SHOW;
   \   000000CC   0x2100             MOVS     R1,#+0
   \   000000CE   0x2043             MOVS     R0,#+67
   \   000000D0   0x.... 0x....      BL       gpio_set
     91                DELAY_MS(1);
   \   000000D4   0x2001             MOVS     R0,#+1
   \   000000D6   0x.... 0x....      BL       systick_delay_ms
     92               }      
     93            
     94            
     95            
     96            
     97              
     98            
     99          }
   \                     ??Digitron_Show_3: (+1)
   \   000000DA   0xBD01             POP      {R0,PC}          ;; return

   \                                 In section .text, align 4, keep-with-next
   \                     ??DataTable1:
   \   00000000   0x........         DC32     GPIOX

   \                                 In section .text, align 4, keep-with-next
   \                     ??DataTable1_1:
   \   00000000   0x........         DC32     unit

   \                                 In section .text, align 4, keep-with-next
   \                     ??DataTable1_2:
   \   00000000   0x........         DC32     decade

   \                                 In section .text, align 4, keep-with-next
   \                     ??DataTable1_3:
   \   00000000   0x........         DC32     hundred

   \                                 In section .text, align 4, keep-with-next
   \                     ??DataTable1_4:
   \   00000000   0x........         DC32     thousand
    100          

   Maximum stack usage in bytes:

   .cstack Function
   ------- --------
       0   Digit_Show
       8   Digitron_IO_Init
         8   -> gpio_init
       8   Digitron_Show
         8   -> Digit_Show
         8   -> gpio_set
         8   -> systick_delay_ms


   Section sizes:

   Bytes  Function/Label
   -----  --------------
       4  ??DataTable1
       4  ??DataTable1_1
       4  ??DataTable1_2
       4  ??DataTable1_3
       4  ??DataTable1_4
     256  Digit_Show
     144  Digitron_IO_Init
     220  Digitron_Show
       4  decade
       4  hundred
       4  thousand
       4  unit

 
  16 bytes in section .bss
 640 bytes in section .text
 
 640 bytes of CODE memory
  16 bytes of DATA memory

Errors: none
Warnings: none
