###############################################################################
#
# IAR ANSI C/C++ Compiler V7.40.3.8902/W32 for ARM        27/Jul/2016  11:28:26
# Copyright 1999-2015 IAR Systems AB.
#
#    Cpu mode     =  thumb
#    Endian       =  little
#    Source file  =  D:\Study\2016电子设计大赛\Ti\电赛备用底层\App\MK60_conf.c
#    Command line =  
#        D:\Study\2016电子设计大赛\Ti\电赛备用底层\App\MK60_conf.c -D DEBUG -D
#        ARM_MATH_CM4 -D MK60DZ10 -lCN
#        D:\Study\2016电子设计大赛\Ti\电赛备用底层\Prj\IAR\DZ10_Debug\List\ -lB
#        D:\Study\2016电子设计大赛\Ti\电赛备用底层\Prj\IAR\DZ10_Debug\List\ -o
#        D:\Study\2016电子设计大赛\Ti\电赛备用底层\Prj\IAR\DZ10_Debug\Obj\
#        --no_cse --no_unroll --no_inline --no_code_motion --no_tbaa
#        --no_clustering --no_scheduling --debug --endian=little
#        --cpu=Cortex-M4 -e --fpu=None --dlib_config "E:\IAR for
#        ARM\arm\INC\c\DLib_Config_Full.h" -I
#        D:\Study\2016电子设计大赛\Ti\电赛备用底层\Prj\IAR\..\..\App\ -I
#        D:\Study\2016电子设计大赛\Ti\电赛备用底层\Prj\IAR\..\..\App\Inc\ -I
#        D:\Study\2016电子设计大赛\Ti\电赛备用底层\Prj\IAR\..\..\Board\Inc\ -I
#        D:\Study\2016电子设计大赛\Ti\电赛备用底层\Prj\IAR\..\..\Chip\inc\ -I
#        D:\Study\2016电子设计大赛\Ti\电赛备用底层\Prj\IAR\..\..\Chip\inc\IAR\
#        -I
#        D:\Study\2016电子设计大赛\Ti\电赛备用底层\Prj\IAR\..\..\Chip\inc\kinetis\
#        -I
#        D:\Study\2016电子设计大赛\Ti\电赛备用底层\Prj\IAR\..\..\Lib\CMSIS\Inc\
#        -I D:\Study\2016电子设计大赛\Ti\电赛备用底层\Prj\IAR\..\..\Lib\FatFs\
#        -I D:\Study\2016电子设计大赛\Ti\电赛备用底层\Prj\IAR\..\..\Lib\USB\ -I
#        D:\Study\2016电子设计大赛\Ti\电赛备用底层\Prj\IAR\..\..\Board\Accessories\
#        -I
#        D:\Study\2016电子设计大赛\Ti\电赛备用底层\Prj\IAR\..\..\Board\Accessories\MPU6050\
#        -I
#        D:\Study\2016电子设计大赛\Ti\电赛备用底层\Prj\IAR\..\..\Board\Accessories\IMU\
#        -I
#        D:\Study\2016电子设计大赛\Ti\电赛备用底层\Prj\IAR\..\..\Board\Accessories\Driver\
#        -On
#    List file    =  
#        D:\Study\2016电子设计大赛\Ti\电赛备用底层\Prj\IAR\DZ10_Debug\List\MK60_conf.lst
#    Object file  =  
#        D:\Study\2016电子设计大赛\Ti\电赛备用底层\Prj\IAR\DZ10_Debug\Obj\MK60_conf.o
#
###############################################################################

D:\Study\2016电子设计大赛\Ti\电赛备用底层\App\MK60_conf.c
      1          /*!
      2           *     COPYRIGHT NOTICE
      3           *     Copyright (c) 2013,山外科技
      4           *     All rights reserved.
      5           *     技术讨论：山外论坛 http://www.vcan123.com
      6           *
      7           *     除注明出处外，以下所有内容版权均属山外科技所有，未经允许，不得用于商业用途，
      8           *     修改内容时必须保留山外科技的版权声明。
      9           *
     10           * @file       MK60_conf.c
     11           * @brief      山外K60 平台配置功能实现文件
     12           * @author     山外科技
     13           * @version    v5.1
     14           * @date       2013-06-26
     15           */
     16          
     17          #include    "common.h"

   \                                 In section .text, align 2, keep-with-next
   \   static __interwork __softfp void NVIC_SystemReset(void)
   \                     NVIC_SystemReset: (+1)
   \   00000000   0xF3BF 0x8F4F      DSB      
   \   00000004   0x....             LDR.N    R0,??DataTable3  ;; 0xe000ed0c
   \   00000006   0x6800             LDR      R0,[R0, #+0]
   \   00000008   0xF410 0x60E0      ANDS     R0,R0,#0x700
   \   0000000C   0x....             LDR.N    R1,??DataTable3_1  ;; 0x5fa0004
   \   0000000E   0x4308             ORRS     R0,R1,R0
   \   00000010   0x....             LDR.N    R1,??DataTable3  ;; 0xe000ed0c
   \   00000012   0x6008             STR      R0,[R1, #+0]
   \   00000014   0xF3BF 0x8F4F      DSB      
   \                     ??NVIC_SystemReset_0: (+1)
   \   00000018   0xE7FE             B.N      ??NVIC_SystemReset_0
     18          #include    "stdio.h"
     19          #include    "MK60_uart.h"
     20          #include    "VCAN_KEY.h"
     21          #include    "VCAN_LED.h"
     22          #include    "MK60_flash.h"
     23          
     24          
     25          /*!
     26           *  @brief      断言失败所执行的函数
     27           *  @param      file    文件路径地址
     28           *  @param      line    行数
     29           *  @since      v5.0
     30           *  Sample usage:       assert_failed(__FILE__, __LINE__);
     31           */

   \                                 In section .rodata, align 4
     32          const char ASSERT_FAILED_STR[] = "Assertion failed in %s at line %d\n";
   \                     ASSERT_FAILED_STR:
   \   00000000   0x41 0x73          DC8 "Assertion failed in %s at line %d\012"
   \              0x73 0x65    
   \              0x72 0x74    
   \              0x69 0x6F    
   \              0x6E 0x20    
   \              0x66 0x61    
   \              0x69 0x6C    
   \              0x65 0x64    
   \              0x20 0x69    
   \              0x6E 0x20    
   \              0x25 0x73    
   \              0x20 0x61    
   \              0x74 0x20    
   \              0x6C 0x69    
   \              0x6E 0x65    
   \              0x20 0x25    
   \              0x64 0x0A    
   \              0x00         
   \   00000023   0x00               DC8 0
     33          

   \                                 In section .text, align 2, keep-with-next
     34          void assert_failed(char *file, int line)
     35          {
   \                     assert_failed: (+1)
   \   00000000   0xB538             PUSH     {R3-R5,LR}
   \   00000002   0x0004             MOVS     R4,R0
   \   00000004   0x000D             MOVS     R5,R1
     36              led_init(LED0);
   \   00000006   0x2000             MOVS     R0,#+0
   \   00000008   0x.... 0x....      BL       led_init
     37              while (1)
     38              {
     39          
     40                  DEBUG_PRINTF(ASSERT_FAILED_STR, file, line);      //通过串口提示断言失败
   \                     ??assert_failed_0: (+1)
   \   0000000C   0x002A             MOVS     R2,R5
   \   0000000E   0x0021             MOVS     R1,R4
   \   00000010   0x....             LDR.N    R0,??DataTable3_2
   \   00000012   0x.... 0x....      BL       printf
     41          
     42                  //死循环等待程序员检测为何断言失败
     43                  led_turn(LED0);
   \   00000016   0x2000             MOVS     R0,#+0
   \   00000018   0x.... 0x....      BL       led_turn
     44                  DELAY_MS(1000);
   \   0000001C   0xF44F 0x707A      MOV      R0,#+1000
   \   00000020   0x.... 0x....      BL       systick_delay_ms
   \   00000024   0xE7F2             B.N      ??assert_failed_0
     45          
     46              }
     47          }
     48          
     49          /*!
     50           *  @brief      重定义printf 到串口
     51           *  @param      ch      需要打印的字节
     52           *  @param      stream  数据流
     53           *  @since      v5.0
     54           *  @note       此函数由编译器自带库里的printf所调用
     55           */

   \                                 In section .text, align 2, keep-with-next
     56          int fputc(int ch, FILE *stream)
     57          {
   \                     fputc: (+1)
   \   00000000   0xB538             PUSH     {R3-R5,LR}
   \   00000002   0x0004             MOVS     R4,R0
   \   00000004   0x000D             MOVS     R5,R1
     58              uart_putchar(VCAN_PORT, (char)ch);
   \   00000006   0x0021             MOVS     R1,R4
   \   00000008   0xB2C9             UXTB     R1,R1            ;; ZeroExt  R1,R1,#+24,#+24
   \   0000000A   0x2001             MOVS     R0,#+1
   \   0000000C   0x.... 0x....      BL       uart_putchar
     59              return(ch);
   \   00000010   0x0020             MOVS     R0,R4
   \   00000012   0xBD32             POP      {R1,R4,R5,PC}    ;; return
     60          }
     61          
     62          /*!
     63           *  @brief      启动前进行检测（检测按键是否按下，按下则进入死循环，防止进入 main 函数,松开按键后再按下则进行解锁）
     64           *  @since      v5.0
     65           *  @note       此函数可避免 下载口在 main 前 复用了导致无法下载等问题
     66           */

   \                                 In section .text, align 2, keep-with-next
     67          void start_check()
     68          {
   \                     start_check: (+1)
   \   00000000   0xB510             PUSH     {R4,LR}
     69              uint8 flag = 0;
   \   00000002   0x2400             MOVS     R4,#+0
     70          
     71              key_init(KEY_A);
   \   00000004   0x2004             MOVS     R0,#+4
   \   00000006   0x.... 0x....      BL       key_init
     72          
     73              if(key_check(KEY_A) == KEY_DOWN )
   \   0000000A   0x2004             MOVS     R0,#+4
   \   0000000C   0x.... 0x....      BL       key_check
   \   00000010   0x2800             CMP      R0,#+0
   \   00000012   0xD141             BNE.N    ??start_check_0
     74              {
     75                  //按键按下
     76          
     77                  led_init(LED0);
   \   00000014   0x2000             MOVS     R0,#+0
   \   00000016   0x.... 0x....      BL       led_init
     78          
     79                  while(1)
     80                  {
     81          
     82                      if(key_check(KEY_A) == KEY_UP)
   \                     ??start_check_1: (+1)
   \   0000001A   0x2004             MOVS     R0,#+4
   \   0000001C   0x.... 0x....      BL       key_check
   \   00000020   0x2801             CMP      R0,#+1
   \   00000022   0xD101             BNE.N    ??start_check_2
     83                      {
     84                          flag = 1;
   \   00000024   0x2001             MOVS     R0,#+1
   \   00000026   0x0004             MOVS     R4,R0
     85                      }
     86          
     87                      led_turn(LED0);
   \                     ??start_check_2: (+1)
   \   00000028   0x2000             MOVS     R0,#+0
   \   0000002A   0x.... 0x....      BL       led_turn
     88                      printf("\n进入死循环等待！");
   \   0000002E   0x....             LDR.N    R0,??DataTable3_3
   \   00000030   0x.... 0x....      BL       printf
     89                      DELAY_MS(500);                          //此处的延时，可起到 按键 消抖的功能
   \   00000034   0xF44F 0x70FA      MOV      R0,#+500
   \   00000038   0x.... 0x....      BL       systick_delay_ms
     90          
     91                      //如果 送开按键后，再按下 按键，则 进行解锁 操作
     92                      if((flag == 1)  && (key_check(KEY_A) == KEY_DOWN ))
   \   0000003C   0xB2E4             UXTB     R4,R4            ;; ZeroExt  R4,R4,#+24,#+24
   \   0000003E   0x2C01             CMP      R4,#+1
   \   00000040   0xD1EB             BNE.N    ??start_check_1
   \   00000042   0x2004             MOVS     R0,#+4
   \   00000044   0x.... 0x....      BL       key_check
   \   00000048   0x2800             CMP      R0,#+0
   \   0000004A   0xD1E6             BNE.N    ??start_check_1
     93                      {
     94                          while(key_check(KEY_A) == KEY_DOWN)         //等待按键 弹起
   \                     ??start_check_3: (+1)
   \   0000004C   0x2004             MOVS     R0,#+4
   \   0000004E   0x.... 0x....      BL       key_check
   \   00000052   0x2800             CMP      R0,#+0
   \   00000054   0xD106             BNE.N    ??start_check_4
     95                          {
     96                              led_turn(LED0);
   \   00000056   0x2000             MOVS     R0,#+0
   \   00000058   0x.... 0x....      BL       led_turn
     97                              DELAY_MS(100);                          //此处的延时，可起到 按键 消抖的功能
   \   0000005C   0x2064             MOVS     R0,#+100
   \   0000005E   0x.... 0x....      BL       systick_delay_ms
   \   00000062   0xE7F3             B.N      ??start_check_3
     98                          }
     99          
    100                          while(key_check(KEY_A) == KEY_UP)         //等待按键 弹起后 再 进行解锁
   \                     ??start_check_4: (+1)
   \   00000064   0x2004             MOVS     R0,#+4
   \   00000066   0x.... 0x....      BL       key_check
   \   0000006A   0x2801             CMP      R0,#+1
   \   0000006C   0xD106             BNE.N    ??start_check_5
    101                          {
    102                              led_turn(LED0);
   \   0000006E   0x2000             MOVS     R0,#+0
   \   00000070   0x.... 0x....      BL       led_turn
    103                              DELAY_MS(50);                          //此处的延时，可起到 按键 消抖的功能
   \   00000074   0x2032             MOVS     R0,#+50
   \   00000076   0x.... 0x....      BL       systick_delay_ms
   \   0000007A   0xE7F3             B.N      ??start_check_4
    104                          }
    105          
    106                          printf("\n进行解锁操作，请重新刷入固件");
   \                     ??start_check_5: (+1)
   \   0000007C   0x....             LDR.N    R0,??DataTable3_4
   \   0000007E   0x.... 0x....      BL       printf
    107          
    108                          //解锁单片机
    109                          flash_init();
   \   00000082   0x.... 0x....      BL       flash_init
    110                          DELAY_MS(100);
   \   00000086   0x2064             MOVS     R0,#+100
   \   00000088   0x.... 0x....      BL       systick_delay_ms
    111                          flash_erase_sector(0);        //擦除扇区 0  (解锁)
   \   0000008C   0x2000             MOVS     R0,#+0
   \   0000008E   0x.... 0x....      BL       flash_erase_sector
    112                          NVIC_SystemReset();           //复位单片机
   \   00000092   0x.... 0x....      BL       NVIC_SystemReset
   \   00000096   0xE7C0             B.N      ??start_check_1
    113          
    114                      }
    115                  }
    116              }
    117          }
   \                     ??start_check_0: (+1)
   \   00000098   0xBD10             POP      {R4,PC}          ;; return
    118          
    119          #ifdef  DEBUG
    120          // VECTOR_TABLE end
    121          static char vector_str[][15];
    122          #endif
    123          
    124          /*!
    125           *  @brief      默认中断服务函数
    126           *  @since      v5.0
    127           *  @note       此函数写入中断向量表里，不需要用户执行
    128           */

   \                                 In section .text, align 2, keep-with-next
    129          void default_isr(void)
    130          {
   \                     default_isr: (+1)
   \   00000000   0xB510             PUSH     {R4,LR}
    131          
    132          
    133          #ifdef  DEBUG
    134          #define VECTORNUM    ((SCB_ICSR & SCB_ICSR_VECTACTIVE_MASK)>>SCB_ICSR_VECTACTIVE_SHIFT)
    135                                      //等效于 (*(volatile uint8_t*)(0xE000ED04))
    136              uint8 vtr = VECTORNUM;
   \   00000002   0x....             LDR.N    R0,??DataTable3_5  ;; 0xe000ed04
   \   00000004   0x6804             LDR      R4,[R0, #+0]
    137              led_init(LED1);
   \   00000006   0x2001             MOVS     R0,#+1
   \   00000008   0x.... 0x....      BL       led_init
    138          
    139              while(1)
    140              {
    141                  led_turn(LED1);
   \                     ??default_isr_0: (+1)
   \   0000000C   0x2001             MOVS     R0,#+1
   \   0000000E   0x.... 0x....      BL       led_turn
    142                  DEBUG_PRINTF("\n****default_isr entered on vector %d*****\n\n%s Interrupt", vtr, vector_str[vtr]);
   \   00000012   0x....             LDR.N    R0,??DataTable3_6
   \   00000014   0xB2E4             UXTB     R4,R4            ;; ZeroExt  R4,R4,#+24,#+24
   \   00000016   0x210F             MOVS     R1,#+15
   \   00000018   0xFB01 0x0204      MLA      R2,R1,R4,R0
   \   0000001C   0xB2E4             UXTB     R4,R4            ;; ZeroExt  R4,R4,#+24,#+24
   \   0000001E   0x0021             MOVS     R1,R4
   \   00000020   0x....             LDR.N    R0,??DataTable3_7
   \   00000022   0x.... 0x....      BL       printf
    143          
    144                  DELAY_MS(1000);
   \   00000026   0xF44F 0x707A      MOV      R0,#+1000
   \   0000002A   0x.... 0x....      BL       systick_delay_ms
   \   0000002E   0xE7ED             B.N      ??default_isr_0
    145              }
    146          #else
    147              return;
    148          #endif
    149          }
    150          
    151          #ifdef DEBUG
    152          

   \                                 In section .data, align 4
    153          char vector_str[][15] =
   \                     vector_str:
   \   00000000   0x00               DC8 ""
   \   00000001   0x00 0x00          DC8 0, 0, 0, 0, 0, 0, 0, 0, 0, 0, 0, 0, 0, 0
   \              0x00 0x00    
   \              0x00 0x00    
   \              0x00 0x00    
   \              0x00 0x00    
   \              0x00 0x00    
   \              0x00 0x00    
   \   0000000F   0x00               DC8 ""
   \   00000010   0x00 0x00          DC8 0, 0, 0, 0, 0, 0, 0, 0, 0, 0, 0, 0, 0, 0
   \              0x00 0x00    
   \              0x00 0x00    
   \              0x00 0x00    
   \              0x00 0x00    
   \              0x00 0x00    
   \              0x00 0x00    
   \   0000001E   0x4E 0x6F          DC8 "NonMaskable"
   \              0x6E 0x4D    
   \              0x61 0x73    
   \              0x6B 0x61    
   \              0x62 0x6C    
   \              0x65 0x00    
   \   0000002A   0x00 0x00          DC8 0, 0, 0
   \              0x00         
   \   0000002D   0x48 0x61          DC8 "HardFault"
   \              0x72 0x64    
   \              0x46 0x61    
   \              0x75 0x6C    
   \              0x74 0x00    
   \   00000037   0x00 0x00          DC8 0, 0, 0, 0, 0
   \              0x00 0x00    
   \              0x00         
   \   0000003C   0x4D 0x65          DC8 "MemManagement"
   \              0x6D 0x4D    
   \              0x61 0x6E    
   \              0x61 0x67    
   \              0x65 0x6D    
   \              0x65 0x6E    
   \              0x74 0x00    
   \   0000004A   0x00               DC8 0
   \   0000004B   0x42 0x75          DC8 "BusFault"
   \              0x73 0x46    
   \              0x61 0x75    
   \              0x6C 0x74    
   \              0x00         
   \   00000054   0x00 0x00          DC8 0, 0, 0, 0, 0, 0
   \              0x00 0x00    
   \              0x00 0x00    
   \   0000005A   0x55 0x73          DC8 "UsageFault"
   \              0x61 0x67    
   \              0x65 0x46    
   \              0x61 0x75    
   \              0x6C 0x74    
   \              0x00         
   \   00000065   0x00 0x00          DC8 0, 0, 0, 0
   \              0x00 0x00    
   \   00000069   0x00               DC8 ""
   \   0000006A   0x00 0x00          DC8 0, 0, 0, 0, 0, 0, 0, 0, 0, 0, 0, 0, 0, 0
   \              0x00 0x00    
   \              0x00 0x00    
   \              0x00 0x00    
   \              0x00 0x00    
   \              0x00 0x00    
   \              0x00 0x00    
   \   00000078   0x00               DC8 ""
   \   00000079   0x00 0x00          DC8 0, 0, 0, 0, 0, 0, 0, 0, 0, 0, 0, 0, 0, 0
   \              0x00 0x00    
   \              0x00 0x00    
   \              0x00 0x00    
   \              0x00 0x00    
   \              0x00 0x00    
   \              0x00 0x00    
   \   00000087   0x00               DC8 ""
   \   00000088   0x00 0x00          DC8 0, 0, 0, 0, 0, 0, 0, 0, 0, 0, 0, 0, 0, 0
   \              0x00 0x00    
   \              0x00 0x00    
   \              0x00 0x00    
   \              0x00 0x00    
   \              0x00 0x00    
   \              0x00 0x00    
   \   00000096   0x00               DC8 ""
   \   00000097   0x00 0x00          DC8 0, 0, 0, 0, 0, 0, 0, 0, 0, 0, 0, 0, 0, 0
   \              0x00 0x00    
   \              0x00 0x00    
   \              0x00 0x00    
   \              0x00 0x00    
   \              0x00 0x00    
   \              0x00 0x00    
   \   000000A5   0x53 0x56          DC8 "SVCall"
   \              0x43 0x61    
   \              0x6C 0x6C    
   \              0x00         
   \   000000AC   0x00 0x00          DC8 0, 0, 0, 0, 0, 0, 0, 0
   \              0x00 0x00    
   \              0x00 0x00    
   \              0x00 0x00    
   \   000000B4   0x44 0x65          DC8 "DebugMonitor"
   \              0x62 0x75    
   \              0x67 0x4D    
   \              0x6F 0x6E    
   \              0x69 0x74    
   \              0x6F 0x72    
   \              0x00         
   \   000000C1   0x00 0x00          DC8 0, 0
   \   000000C3   0x00               DC8 ""
   \   000000C4   0x00 0x00          DC8 0, 0, 0, 0, 0, 0, 0, 0, 0, 0, 0, 0, 0, 0
   \              0x00 0x00    
   \              0x00 0x00    
   \              0x00 0x00    
   \              0x00 0x00    
   \              0x00 0x00    
   \              0x00 0x00    
   \   000000D2   0x50 0x65          DC8 "PendSV"
   \              0x6E 0x64    
   \              0x53 0x56    
   \              0x00         
   \   000000D9   0x00 0x00          DC8 0, 0, 0, 0, 0, 0, 0, 0
   \              0x00 0x00    
   \              0x00 0x00    
   \              0x00 0x00    
   \   000000E1   0x53 0x79          DC8 "SysTick"
   \              0x73 0x54    
   \              0x69 0x63    
   \              0x6B 0x00    
   \   000000E9   0x00 0x00          DC8 0, 0, 0, 0, 0, 0, 0
   \              0x00 0x00    
   \              0x00 0x00    
   \              0x00         
   \   000000F0   0x44 0x4D          DC8 "DMA0"
   \              0x41 0x30    
   \              0x00         
   \   000000F5   0x00 0x00          DC8 0, 0, 0, 0, 0, 0, 0, 0, 0, 0
   \              0x00 0x00    
   \              0x00 0x00    
   \              0x00 0x00    
   \              0x00 0x00    
   \   000000FF   0x44 0x4D          DC8 "DMA1"
   \              0x41 0x31    
   \              0x00         
   \   00000104   0x00 0x00          DC8 0, 0, 0, 0, 0, 0, 0, 0, 0, 0
   \              0x00 0x00    
   \              0x00 0x00    
   \              0x00 0x00    
   \              0x00 0x00    
   \   0000010E   0x44 0x4D          DC8 "DMA2"
   \              0x41 0x32    
   \              0x00         
   \   00000113   0x00 0x00          DC8 0, 0, 0, 0, 0, 0, 0, 0, 0, 0
   \              0x00 0x00    
   \              0x00 0x00    
   \              0x00 0x00    
   \              0x00 0x00    
   \   0000011D   0x44 0x4D          DC8 "DMA3"
   \              0x41 0x33    
   \              0x00         
   \   00000122   0x00 0x00          DC8 0, 0, 0, 0, 0, 0, 0, 0, 0, 0
   \              0x00 0x00    
   \              0x00 0x00    
   \              0x00 0x00    
   \              0x00 0x00    
   \   0000012C   0x44 0x4D          DC8 "DMA4"
   \              0x41 0x34    
   \              0x00         
   \   00000131   0x00 0x00          DC8 0, 0, 0, 0, 0, 0, 0, 0, 0, 0
   \              0x00 0x00    
   \              0x00 0x00    
   \              0x00 0x00    
   \              0x00 0x00    
   \   0000013B   0x44 0x4D          DC8 "DMA5"
   \              0x41 0x35    
   \              0x00         
   \   00000140   0x00 0x00          DC8 0, 0, 0, 0, 0, 0, 0, 0, 0, 0
   \              0x00 0x00    
   \              0x00 0x00    
   \              0x00 0x00    
   \              0x00 0x00    
   \   0000014A   0x44 0x4D          DC8 "DMA6"
   \              0x41 0x36    
   \              0x00         
   \   0000014F   0x00 0x00          DC8 0, 0, 0, 0, 0, 0, 0, 0, 0, 0
   \              0x00 0x00    
   \              0x00 0x00    
   \              0x00 0x00    
   \              0x00 0x00    
   \   00000159   0x44 0x4D          DC8 "DMA7"
   \              0x41 0x37    
   \              0x00         
   \   0000015E   0x00 0x00          DC8 0, 0, 0, 0, 0, 0, 0, 0, 0, 0
   \              0x00 0x00    
   \              0x00 0x00    
   \              0x00 0x00    
   \              0x00 0x00    
   \   00000168   0x44 0x4D          DC8 "DMA8"
   \              0x41 0x38    
   \              0x00         
   \   0000016D   0x00 0x00          DC8 0, 0, 0, 0, 0, 0, 0, 0, 0, 0
   \              0x00 0x00    
   \              0x00 0x00    
   \              0x00 0x00    
   \              0x00 0x00    
   \   00000177   0x44 0x4D          DC8 "DMA9"
   \              0x41 0x39    
   \              0x00         
   \   0000017C   0x00 0x00          DC8 0, 0, 0, 0, 0, 0, 0, 0, 0, 0
   \              0x00 0x00    
   \              0x00 0x00    
   \              0x00 0x00    
   \              0x00 0x00    
   \   00000186   0x44 0x4D          DC8 "DMA10"
   \              0x41 0x31    
   \              0x30 0x00    
   \   0000018C   0x00 0x00          DC8 0, 0, 0, 0, 0, 0, 0, 0, 0
   \              0x00 0x00    
   \              0x00 0x00    
   \              0x00 0x00    
   \              0x00         
   \   00000195   0x44 0x4D          DC8 "DMA11"
   \              0x41 0x31    
   \              0x31 0x00    
   \   0000019B   0x00 0x00          DC8 0, 0, 0, 0, 0, 0, 0, 0, 0
   \              0x00 0x00    
   \              0x00 0x00    
   \              0x00 0x00    
   \              0x00         
   \   000001A4   0x44 0x4D          DC8 "DMA12"
   \              0x41 0x31    
   \              0x32 0x00    
   \   000001AA   0x00 0x00          DC8 0, 0, 0, 0, 0, 0, 0, 0, 0
   \              0x00 0x00    
   \              0x00 0x00    
   \              0x00 0x00    
   \              0x00         
   \   000001B3   0x44 0x4D          DC8 "DMA13"
   \              0x41 0x31    
   \              0x33 0x00    
   \   000001B9   0x00 0x00          DC8 0, 0, 0, 0, 0, 0, 0, 0, 0
   \              0x00 0x00    
   \              0x00 0x00    
   \              0x00 0x00    
   \              0x00         
   \   000001C2   0x44 0x4D          DC8 "DMA14"
   \              0x41 0x31    
   \              0x34 0x00    
   \   000001C8   0x00 0x00          DC8 0, 0, 0, 0, 0, 0, 0, 0, 0
   \              0x00 0x00    
   \              0x00 0x00    
   \              0x00 0x00    
   \              0x00         
   \   000001D1   0x44 0x4D          DC8 "DMA15"
   \              0x41 0x31    
   \              0x35 0x00    
   \   000001D7   0x00 0x00          DC8 0, 0, 0, 0, 0, 0, 0, 0, 0
   \              0x00 0x00    
   \              0x00 0x00    
   \              0x00 0x00    
   \              0x00         
   \   000001E0   0x44 0x4D          DC8 "DMA_Error"
   \              0x41 0x5F    
   \              0x45 0x72    
   \              0x72 0x6F    
   \              0x72 0x00    
   \   000001EA   0x00 0x00          DC8 0, 0, 0, 0, 0
   \              0x00 0x00    
   \              0x00         
   \   000001EF   0x4D 0x43          DC8 "MCM"
   \              0x4D 0x00    
   \   000001F3   0x00 0x00          DC8 0, 0, 0, 0, 0, 0, 0, 0, 0, 0, 0
   \              0x00 0x00    
   \              0x00 0x00    
   \              0x00 0x00    
   \              0x00 0x00    
   \              0x00         
   \   000001FE   0x46 0x54          DC8 "FTFL"
   \              0x46 0x4C    
   \              0x00         
   \   00000203   0x00 0x00          DC8 0, 0, 0, 0, 0, 0, 0, 0, 0, 0
   \              0x00 0x00    
   \              0x00 0x00    
   \              0x00 0x00    
   \              0x00 0x00    
   \   0000020D   0x52 0x65          DC8 "Read_Collision"
   \              0x61 0x64    
   \              0x5F 0x43    
   \              0x6F 0x6C    
   \              0x6C 0x69    
   \              0x73 0x69    
   \              0x6F 0x6E    
   \              0x00         
   \   0000021C   0x4C 0x56          DC8 "LVD_LVW"
   \              0x44 0x5F    
   \              0x4C 0x56    
   \              0x57 0x00    
   \   00000224   0x00 0x00          DC8 0, 0, 0, 0, 0, 0, 0
   \              0x00 0x00    
   \              0x00 0x00    
   \              0x00         
   \   0000022B   0x4C 0x4C          DC8 "LLW"
   \              0x57 0x00    
   \   0000022F   0x00 0x00          DC8 0, 0, 0, 0, 0, 0, 0, 0, 0, 0, 0
   \              0x00 0x00    
   \              0x00 0x00    
   \              0x00 0x00    
   \              0x00 0x00    
   \              0x00         
   \   0000023A   0x57 0x61          DC8 "Watchdog"
   \              0x74 0x63    
   \              0x68 0x64    
   \              0x6F 0x67    
   \              0x00         
   \   00000243   0x00 0x00          DC8 0, 0, 0, 0, 0, 0
   \              0x00 0x00    
   \              0x00 0x00    
   \   00000249   0x52 0x4E          DC8 "RNG"
   \              0x47 0x00    
   \   0000024D   0x00 0x00          DC8 0, 0, 0, 0, 0, 0, 0, 0, 0, 0, 0
   \              0x00 0x00    
   \              0x00 0x00    
   \              0x00 0x00    
   \              0x00 0x00    
   \              0x00         
   \   00000258   0x49 0x32          DC8 "I2C0"
   \              0x43 0x30    
   \              0x00         
   \   0000025D   0x00 0x00          DC8 0, 0, 0, 0, 0, 0, 0, 0, 0, 0
   \              0x00 0x00    
   \              0x00 0x00    
   \              0x00 0x00    
   \              0x00 0x00    
   \   00000267   0x49 0x32          DC8 "I2C1"
   \              0x43 0x31    
   \              0x00         
   \   0000026C   0x00 0x00          DC8 0, 0, 0, 0, 0, 0, 0, 0, 0, 0
   \              0x00 0x00    
   \              0x00 0x00    
   \              0x00 0x00    
   \              0x00 0x00    
   \   00000276   0x53 0x50          DC8 "SPI0"
   \              0x49 0x30    
   \              0x00         
   \   0000027B   0x00 0x00          DC8 0, 0, 0, 0, 0, 0, 0, 0, 0, 0
   \              0x00 0x00    
   \              0x00 0x00    
   \              0x00 0x00    
   \              0x00 0x00    
   \   00000285   0x53 0x50          DC8 "SPI1"
   \              0x49 0x31    
   \              0x00         
   \   0000028A   0x00 0x00          DC8 0, 0, 0, 0, 0, 0, 0, 0, 0, 0
   \              0x00 0x00    
   \              0x00 0x00    
   \              0x00 0x00    
   \              0x00 0x00    
   \   00000294   0x53 0x50          DC8 "SPI2"
   \              0x49 0x32    
   \              0x00         
   \   00000299   0x00 0x00          DC8 0, 0, 0, 0, 0, 0, 0, 0, 0, 0
   \              0x00 0x00    
   \              0x00 0x00    
   \              0x00 0x00    
   \              0x00 0x00    
   \   000002A3   0x43 0x41          DC8 "CAN0_OR_MB_buf"
   \              0x4E 0x30    
   \              0x5F 0x4F    
   \              0x52 0x5F    
   \              0x4D 0x42    
   \              0x5F 0x62    
   \              0x75 0x66    
   \              0x00         
   \   000002B2   0x43 0x41          DC8 "CAN0_Bus_Off"
   \              0x4E 0x30    
   \              0x5F 0x42    
   \              0x75 0x73    
   \              0x5F 0x4F    
   \              0x66 0x66    
   \              0x00         
   \   000002BF   0x00 0x00          DC8 0, 0
   \   000002C1   0x43 0x41          DC8 "CAN0_Error"
   \              0x4E 0x30    
   \              0x5F 0x45    
   \              0x72 0x72    
   \              0x6F 0x72    
   \              0x00         
   \   000002CC   0x00 0x00          DC8 0, 0, 0, 0
   \              0x00 0x00    
   \   000002D0   0x43 0x41          DC8 43H, 41H, 4EH, 30H, 5FH, 54H, 78H, 5FH
   \              0x4E 0x30    
   \              0x5F 0x54    
   \              0x78 0x5F    
   \   000002D8   0x57 0x61          DC8 57H, 61H, 72H, 6EH, 69H, 6EH, 67H
   \              0x72 0x6E    
   \              0x69 0x6E    
   \              0x67         
   \   000002DF   0x43 0x41          DC8 43H, 41H, 4EH, 30H, 5FH, 52H, 78H, 5FH
   \              0x4E 0x30    
   \              0x5F 0x52    
   \              0x78 0x5F    
   \   000002E7   0x57 0x61          DC8 57H, 61H, 72H, 6EH, 69H, 6EH, 67H
   \              0x72 0x6E    
   \              0x69 0x6E    
   \              0x67         
   \   000002EE   0x43 0x41          DC8 "CAN0_Wake_Up"
   \              0x4E 0x30    
   \              0x5F 0x57    
   \              0x61 0x6B    
   \              0x65 0x5F    
   \              0x55 0x70    
   \              0x00         
   \   000002FB   0x00 0x00          DC8 0, 0
   \   000002FD   0x52 0x65          DC8 "Reserved51"
   \              0x73 0x65    
   \              0x72 0x76    
   \              0x65 0x64    
   \              0x35 0x31    
   \              0x00         
   \   00000308   0x00 0x00          DC8 0, 0, 0, 0
   \              0x00 0x00    
   \   0000030C   0x52 0x65          DC8 "Reserved52"
   \              0x73 0x65    
   \              0x72 0x76    
   \              0x65 0x64    
   \              0x35 0x32    
   \              0x00         
   \   00000317   0x00 0x00          DC8 0, 0, 0, 0
   \              0x00 0x00    
   \   0000031B   0x43 0x41          DC8 "CAN1_OR_MB_buf"
   \              0x4E 0x31    
   \              0x5F 0x4F    
   \              0x52 0x5F    
   \              0x4D 0x42    
   \              0x5F 0x62    
   \              0x75 0x66    
   \              0x00         
   \   0000032A   0x43 0x41          DC8 "CAN1_Bus_Off"
   \              0x4E 0x31    
   \              0x5F 0x42    
   \              0x75 0x73    
   \              0x5F 0x4F    
   \              0x66 0x66    
   \              0x00         
   \   00000337   0x00 0x00          DC8 0, 0
   \   00000339   0x43 0x41          DC8 "CAN1_Error"
   \              0x4E 0x31    
   \              0x5F 0x45    
   \              0x72 0x72    
   \              0x6F 0x72    
   \              0x00         
   \   00000344   0x00 0x00          DC8 0, 0, 0, 0
   \              0x00 0x00    
   \   00000348   0x43 0x41          DC8 43H, 41H, 4EH, 31H, 5FH, 54H, 78H, 5FH
   \              0x4E 0x31    
   \              0x5F 0x54    
   \              0x78 0x5F    
   \   00000350   0x57 0x61          DC8 57H, 61H, 72H, 6EH, 69H, 6EH, 67H
   \              0x72 0x6E    
   \              0x69 0x6E    
   \              0x67         
   \   00000357   0x43 0x41          DC8 43H, 41H, 4EH, 31H, 5FH, 52H, 78H, 5FH
   \              0x4E 0x31    
   \              0x5F 0x52    
   \              0x78 0x5F    
   \   0000035F   0x57 0x61          DC8 57H, 61H, 72H, 6EH, 69H, 6EH, 67H
   \              0x72 0x6E    
   \              0x69 0x6E    
   \              0x67         
   \   00000366   0x43 0x41          DC8 "CAN1_Wake_Up"
   \              0x4E 0x31    
   \              0x5F 0x57    
   \              0x61 0x6B    
   \              0x65 0x5F    
   \              0x55 0x70    
   \              0x00         
   \   00000373   0x00 0x00          DC8 0, 0
   \   00000375   0x52 0x65          DC8 "Reserved59"
   \              0x73 0x65    
   \              0x72 0x76    
   \              0x65 0x64    
   \              0x35 0x39    
   \              0x00         
   \   00000380   0x00 0x00          DC8 0, 0, 0, 0
   \              0x00 0x00    
   \   00000384   0x52 0x65          DC8 "Reserved60"
   \              0x73 0x65    
   \              0x72 0x76    
   \              0x65 0x64    
   \              0x36 0x30    
   \              0x00         
   \   0000038F   0x00 0x00          DC8 0, 0, 0, 0
   \              0x00 0x00    
   \   00000393   0x55 0x41          DC8 "UART0_RX_TX"
   \              0x52 0x54    
   \              0x30 0x5F    
   \              0x52 0x58    
   \              0x5F 0x54    
   \              0x58 0x00    
   \   0000039F   0x00 0x00          DC8 0, 0, 0
   \              0x00         
   \   000003A2   0x55 0x41          DC8 "UART0_ERR"
   \              0x52 0x54    
   \              0x30 0x5F    
   \              0x45 0x52    
   \              0x52 0x00    
   \   000003AC   0x00 0x00          DC8 0, 0, 0, 0, 0
   \              0x00 0x00    
   \              0x00         
   \   000003B1   0x55 0x41          DC8 "UART1_RX_TX"
   \              0x52 0x54    
   \              0x31 0x5F    
   \              0x52 0x58    
   \              0x5F 0x54    
   \              0x58 0x00    
   \   000003BD   0x00 0x00          DC8 0, 0, 0
   \              0x00         
   \   000003C0   0x55 0x41          DC8 "UART1_ERR"
   \              0x52 0x54    
   \              0x31 0x5F    
   \              0x45 0x52    
   \              0x52 0x00    
   \   000003CA   0x00 0x00          DC8 0, 0, 0, 0, 0
   \              0x00 0x00    
   \              0x00         
   \   000003CF   0x55 0x41          DC8 "UART2_RX_TX"
   \              0x52 0x54    
   \              0x32 0x5F    
   \              0x52 0x58    
   \              0x5F 0x54    
   \              0x58 0x00    
   \   000003DB   0x00 0x00          DC8 0, 0, 0
   \              0x00         
   \   000003DE   0x55 0x41          DC8 "UART2_ERR"
   \              0x52 0x54    
   \              0x32 0x5F    
   \              0x45 0x52    
   \              0x52 0x00    
   \   000003E8   0x00 0x00          DC8 0, 0, 0, 0, 0
   \              0x00 0x00    
   \              0x00         
   \   000003ED   0x55 0x41          DC8 "UART3_RX_TX"
   \              0x52 0x54    
   \              0x33 0x5F    
   \              0x52 0x58    
   \              0x5F 0x54    
   \              0x58 0x00    
   \   000003F9   0x00 0x00          DC8 0, 0, 0
   \              0x00         
   \   000003FC   0x55 0x41          DC8 "UART3_ERR"
   \              0x52 0x54    
   \              0x33 0x5F    
   \              0x45 0x52    
   \              0x52 0x00    
   \   00000406   0x00 0x00          DC8 0, 0, 0, 0, 0
   \              0x00 0x00    
   \              0x00         
   \   0000040B   0x55 0x41          DC8 "UART4_RX_TX"
   \              0x52 0x54    
   \              0x34 0x5F    
   \              0x52 0x58    
   \              0x5F 0x54    
   \              0x58 0x00    
   \   00000417   0x00 0x00          DC8 0, 0, 0
   \              0x00         
   \   0000041A   0x55 0x41          DC8 "UART4_ERR"
   \              0x52 0x54    
   \              0x34 0x5F    
   \              0x45 0x52    
   \              0x52 0x00    
   \   00000424   0x00 0x00          DC8 0, 0, 0, 0, 0
   \              0x00 0x00    
   \              0x00         
   \   00000429   0x55 0x41          DC8 "UART5_RX_TX"
   \              0x52 0x54    
   \              0x35 0x5F    
   \              0x52 0x58    
   \              0x5F 0x54    
   \              0x58 0x00    
   \   00000435   0x00 0x00          DC8 0, 0, 0
   \              0x00         
   \   00000438   0x55 0x41          DC8 "UART5_ERR"
   \              0x52 0x54    
   \              0x35 0x5F    
   \              0x45 0x52    
   \              0x52 0x00    
   \   00000442   0x00 0x00          DC8 0, 0, 0, 0, 0
   \              0x00 0x00    
   \              0x00         
   \   00000447   0x41 0x44          DC8 "ADC0"
   \              0x43 0x30    
   \              0x00         
   \   0000044C   0x00 0x00          DC8 0, 0, 0, 0, 0, 0, 0, 0, 0, 0
   \              0x00 0x00    
   \              0x00 0x00    
   \              0x00 0x00    
   \              0x00 0x00    
   \   00000456   0x41 0x44          DC8 "ADC1"
   \              0x43 0x31    
   \              0x00         
   \   0000045B   0x00 0x00          DC8 0, 0, 0, 0, 0, 0, 0, 0, 0, 0
   \              0x00 0x00    
   \              0x00 0x00    
   \              0x00 0x00    
   \              0x00 0x00    
   \   00000465   0x43 0x4D          DC8 "CMP0"
   \              0x50 0x30    
   \              0x00         
   \   0000046A   0x00 0x00          DC8 0, 0, 0, 0, 0, 0, 0, 0, 0, 0
   \              0x00 0x00    
   \              0x00 0x00    
   \              0x00 0x00    
   \              0x00 0x00    
   \   00000474   0x43 0x4D          DC8 "CMP1"
   \              0x50 0x31    
   \              0x00         
   \   00000479   0x00 0x00          DC8 0, 0, 0, 0, 0, 0, 0, 0, 0, 0
   \              0x00 0x00    
   \              0x00 0x00    
   \              0x00 0x00    
   \              0x00 0x00    
   \   00000483   0x43 0x4D          DC8 "CMP2"
   \              0x50 0x32    
   \              0x00         
   \   00000488   0x00 0x00          DC8 0, 0, 0, 0, 0, 0, 0, 0, 0, 0
   \              0x00 0x00    
   \              0x00 0x00    
   \              0x00 0x00    
   \              0x00 0x00    
   \   00000492   0x46 0x54          DC8 "FTM0"
   \              0x4D 0x30    
   \              0x00         
   \   00000497   0x00 0x00          DC8 0, 0, 0, 0, 0, 0, 0, 0, 0, 0
   \              0x00 0x00    
   \              0x00 0x00    
   \              0x00 0x00    
   \              0x00 0x00    
   \   000004A1   0x46 0x54          DC8 "FTM1"
   \              0x4D 0x31    
   \              0x00         
   \   000004A6   0x00 0x00          DC8 0, 0, 0, 0, 0, 0, 0, 0, 0, 0
   \              0x00 0x00    
   \              0x00 0x00    
   \              0x00 0x00    
   \              0x00 0x00    
   \   000004B0   0x46 0x54          DC8 "FTM2"
   \              0x4D 0x32    
   \              0x00         
   \   000004B5   0x00 0x00          DC8 0, 0, 0, 0, 0, 0, 0, 0, 0, 0
   \              0x00 0x00    
   \              0x00 0x00    
   \              0x00 0x00    
   \              0x00 0x00    
   \   000004BF   0x43 0x4D          DC8 "CMT"
   \              0x54 0x00    
   \   000004C3   0x00 0x00          DC8 0, 0, 0, 0, 0, 0, 0, 0, 0, 0, 0
   \              0x00 0x00    
   \              0x00 0x00    
   \              0x00 0x00    
   \              0x00 0x00    
   \              0x00         
   \   000004CE   0x52 0x54          DC8 "RTC"
   \              0x43 0x00    
   \   000004D2   0x00 0x00          DC8 0, 0, 0, 0, 0, 0, 0, 0, 0, 0, 0
   \              0x00 0x00    
   \              0x00 0x00    
   \              0x00 0x00    
   \              0x00 0x00    
   \              0x00         
   \   000004DD   0x52 0x65          DC8 "Reserved83"
   \              0x73 0x65    
   \              0x72 0x76    
   \              0x65 0x64    
   \              0x38 0x33    
   \              0x00         
   \   000004E8   0x00 0x00          DC8 0, 0, 0, 0
   \              0x00 0x00    
   \   000004EC   0x50 0x49          DC8 "PIT0"
   \              0x54 0x30    
   \              0x00         
   \   000004F1   0x00 0x00          DC8 0, 0, 0, 0, 0, 0, 0, 0, 0, 0
   \              0x00 0x00    
   \              0x00 0x00    
   \              0x00 0x00    
   \              0x00 0x00    
   \   000004FB   0x50 0x49          DC8 "PIT1"
   \              0x54 0x31    
   \              0x00         
   \   00000500   0x00 0x00          DC8 0, 0, 0, 0, 0, 0, 0, 0, 0, 0
   \              0x00 0x00    
   \              0x00 0x00    
   \              0x00 0x00    
   \              0x00 0x00    
   \   0000050A   0x50 0x49          DC8 "PIT2"
   \              0x54 0x32    
   \              0x00         
   \   0000050F   0x00 0x00          DC8 0, 0, 0, 0, 0, 0, 0, 0, 0, 0
   \              0x00 0x00    
   \              0x00 0x00    
   \              0x00 0x00    
   \              0x00 0x00    
   \   00000519   0x50 0x49          DC8 "PIT3"
   \              0x54 0x33    
   \              0x00         
   \   0000051E   0x00 0x00          DC8 0, 0, 0, 0, 0, 0, 0, 0, 0, 0
   \              0x00 0x00    
   \              0x00 0x00    
   \              0x00 0x00    
   \              0x00 0x00    
   \   00000528   0x50 0x44          DC8 "PDB0"
   \              0x42 0x30    
   \              0x00         
   \   0000052D   0x00 0x00          DC8 0, 0, 0, 0, 0, 0, 0, 0, 0, 0
   \              0x00 0x00    
   \              0x00 0x00    
   \              0x00 0x00    
   \              0x00 0x00    
   \   00000537   0x55 0x53          DC8 "USB0"
   \              0x42 0x30    
   \              0x00         
   \   0000053C   0x00 0x00          DC8 0, 0, 0, 0, 0, 0, 0, 0, 0, 0
   \              0x00 0x00    
   \              0x00 0x00    
   \              0x00 0x00    
   \              0x00 0x00    
   \   00000546   0x55 0x53          DC8 "USBDCD"
   \              0x42 0x44    
   \              0x43 0x44    
   \              0x00         
   \   0000054D   0x00 0x00          DC8 0, 0, 0, 0, 0, 0, 0, 0
   \              0x00 0x00    
   \              0x00 0x00    
   \              0x00 0x00    
   \   00000555   0x45 0x4E          DC8 45H, 4EH, 45H, 54H, 5FH, 31H, 35H, 38H
   \              0x45 0x54    
   \              0x5F 0x31    
   \              0x35 0x38    
   \   0000055D   0x38 0x5F          DC8 38H, 5FH, 54H, 69H, 6DH, 65H, 72H
   \              0x54 0x69    
   \              0x6D 0x65    
   \              0x72         
   \   00000564   0x45 0x4E          DC8 "ENET_Transmit"
   \              0x45 0x54    
   \              0x5F 0x54    
   \              0x72 0x61    
   \              0x6E 0x73    
   \              0x6D 0x69    
   \              0x74 0x00    
   \   00000572   0x00               DC8 0
   \   00000573   0x45 0x4E          DC8 "ENET_Receive"
   \              0x45 0x54    
   \              0x5F 0x52    
   \              0x65 0x63    
   \              0x65 0x69    
   \              0x76 0x65    
   \              0x00         
   \   00000580   0x00 0x00          DC8 0, 0
   \   00000582   0x45 0x4E          DC8 "ENET_Error"
   \              0x45 0x54    
   \              0x5F 0x45    
   \              0x72 0x72    
   \              0x6F 0x72    
   \              0x00         
   \   0000058D   0x00 0x00          DC8 0, 0, 0, 0
   \              0x00 0x00    
   \   00000591   0x49 0x32          DC8 "I2S0"
   \              0x53 0x30    
   \              0x00         
   \   00000596   0x00 0x00          DC8 0, 0, 0, 0, 0, 0, 0, 0, 0, 0
   \              0x00 0x00    
   \              0x00 0x00    
   \              0x00 0x00    
   \              0x00 0x00    
   \   000005A0   0x53 0x44          DC8 "SDHC"
   \              0x48 0x43    
   \              0x00         
   \   000005A5   0x00 0x00          DC8 0, 0, 0, 0, 0, 0, 0, 0, 0, 0
   \              0x00 0x00    
   \              0x00 0x00    
   \              0x00 0x00    
   \              0x00 0x00    
   \   000005AF   0x44 0x41          DC8 "DAC0"
   \              0x43 0x30    
   \              0x00         
   \   000005B4   0x00 0x00          DC8 0, 0, 0, 0, 0, 0, 0, 0, 0, 0
   \              0x00 0x00    
   \              0x00 0x00    
   \              0x00 0x00    
   \              0x00 0x00    
   \   000005BE   0x44 0x41          DC8 "DAC1"
   \              0x43 0x31    
   \              0x00         
   \   000005C3   0x00 0x00          DC8 0, 0, 0, 0, 0, 0, 0, 0, 0, 0
   \              0x00 0x00    
   \              0x00 0x00    
   \              0x00 0x00    
   \              0x00 0x00    
   \   000005CD   0x54 0x53          DC8 "TSI0"
   \              0x49 0x30    
   \              0x00         
   \   000005D2   0x00 0x00          DC8 0, 0, 0, 0, 0, 0, 0, 0, 0, 0
   \              0x00 0x00    
   \              0x00 0x00    
   \              0x00 0x00    
   \              0x00 0x00    
   \   000005DC   0x4D 0x43          DC8 "MCG"
   \              0x47 0x00    
   \   000005E0   0x00 0x00          DC8 0, 0, 0, 0, 0, 0, 0, 0, 0, 0, 0
   \              0x00 0x00    
   \              0x00 0x00    
   \              0x00 0x00    
   \              0x00 0x00    
   \              0x00         
   \   000005EB   0x4C 0x50          DC8 "LPTimer"
   \              0x54 0x69    
   \              0x6D 0x65    
   \              0x72 0x00    
   \   000005F3   0x00 0x00          DC8 0, 0, 0, 0, 0, 0, 0
   \              0x00 0x00    
   \              0x00 0x00    
   \              0x00         
   \   000005FA   0x52 0x65          DC8 "Reserved102"
   \              0x73 0x65    
   \              0x72 0x76    
   \              0x65 0x64    
   \              0x31 0x30    
   \              0x32 0x00    
   \   00000606   0x00 0x00          DC8 0, 0, 0
   \              0x00         
   \   00000609   0x50 0x4F          DC8 "PORTA"
   \              0x52 0x54    
   \              0x41 0x00    
   \   0000060F   0x00 0x00          DC8 0, 0, 0, 0, 0, 0, 0, 0, 0
   \              0x00 0x00    
   \              0x00 0x00    
   \              0x00 0x00    
   \              0x00         
   \   00000618   0x50 0x4F          DC8 "PORTB"
   \              0x52 0x54    
   \              0x42 0x00    
   \   0000061E   0x00 0x00          DC8 0, 0, 0, 0, 0, 0, 0, 0, 0
   \              0x00 0x00    
   \              0x00 0x00    
   \              0x00 0x00    
   \              0x00         
   \   00000627   0x50 0x4F          DC8 "PORTC"
   \              0x52 0x54    
   \              0x43 0x00    
   \   0000062D   0x00 0x00          DC8 0, 0, 0, 0, 0, 0, 0, 0, 0
   \              0x00 0x00    
   \              0x00 0x00    
   \              0x00 0x00    
   \              0x00         
   \   00000636   0x50 0x4F          DC8 "PORTD"
   \              0x52 0x54    
   \              0x44 0x00    
   \   0000063C   0x00 0x00          DC8 0, 0, 0, 0, 0, 0, 0, 0, 0
   \              0x00 0x00    
   \              0x00 0x00    
   \              0x00 0x00    
   \              0x00         
   \   00000645   0x50 0x4F          DC8 "PORTE"
   \              0x52 0x54    
   \              0x45 0x00    
   \   0000064B   0x00 0x00          DC8 0, 0, 0, 0, 0, 0, 0, 0, 0
   \              0x00 0x00    
   \              0x00 0x00    
   \              0x00 0x00    
   \              0x00         
   \   00000654   0x52 0x65          DC8 "Reserved108"
   \              0x73 0x65    
   \              0x72 0x76    
   \              0x65 0x64    
   \              0x31 0x30    
   \              0x38 0x00    
   \   00000660   0x00 0x00          DC8 0, 0, 0
   \              0x00         
   \   00000663   0x52 0x65          DC8 "Reserved109"
   \              0x73 0x65    
   \              0x72 0x76    
   \              0x65 0x64    
   \              0x31 0x30    
   \              0x39 0x00    
   \   0000066F   0x00 0x00          DC8 0, 0, 0
   \              0x00         
   \   00000672   0x52 0x65          DC8 "Reserved110"
   \              0x73 0x65    
   \              0x72 0x76    
   \              0x65 0x64    
   \              0x31 0x31    
   \              0x30 0x00    
   \   0000067E   0x00 0x00          DC8 0, 0, 0
   \              0x00         
   \   00000681   0x52 0x65          DC8 "Reserved111"
   \              0x73 0x65    
   \              0x72 0x76    
   \              0x65 0x64    
   \              0x31 0x31    
   \              0x31 0x00    
   \   0000068D   0x00 0x00          DC8 0, 0, 0
   \              0x00         
   \   00000690   0x52 0x65          DC8 "Reserved112"
   \              0x73 0x65    
   \              0x72 0x76    
   \              0x65 0x64    
   \              0x31 0x31    
   \              0x32 0x00    
   \   0000069C   0x00 0x00          DC8 0, 0, 0
   \              0x00         
   \   0000069F   0x52 0x65          DC8 "Reserved113"
   \              0x73 0x65    
   \              0x72 0x76    
   \              0x65 0x64    
   \              0x31 0x31    
   \              0x33 0x00    
   \   000006AB   0x00 0x00          DC8 0, 0, 0
   \              0x00         
   \   000006AE   0x52 0x65          DC8 "Reserved114"
   \              0x73 0x65    
   \              0x72 0x76    
   \              0x65 0x64    
   \              0x31 0x31    
   \              0x34 0x00    
   \   000006BA   0x00 0x00          DC8 0, 0, 0
   \              0x00         
   \   000006BD   0x52 0x65          DC8 "Reserved115"
   \              0x73 0x65    
   \              0x72 0x76    
   \              0x65 0x64    
   \              0x31 0x31    
   \              0x35 0x00    
   \   000006C9   0x00 0x00          DC8 0, 0, 0
   \              0x00         
   \   000006CC   0x52 0x65          DC8 "Reserved116"
   \              0x73 0x65    
   \              0x72 0x76    
   \              0x65 0x64    
   \              0x31 0x31    
   \              0x36 0x00    
   \   000006D8   0x00 0x00          DC8 0, 0, 0
   \              0x00         
   \   000006DB   0x52 0x65          DC8 "Reserved117"
   \              0x73 0x65    
   \              0x72 0x76    
   \              0x65 0x64    
   \              0x31 0x31    
   \              0x37 0x00    
   \   000006E7   0x00 0x00          DC8 0, 0, 0
   \              0x00         
   \   000006EA   0x52 0x65          DC8 "Reserved118"
   \              0x73 0x65    
   \              0x72 0x76    
   \              0x65 0x64    
   \              0x31 0x31    
   \              0x38 0x00    
   \   000006F6   0x00 0x00          DC8 0, 0, 0
   \              0x00         
   \   000006F9   0x52 0x65          DC8 "Reserved119"
   \              0x73 0x65    
   \              0x72 0x76    
   \              0x65 0x64    
   \              0x31 0x31    
   \              0x39 0x00    
   \   00000705   0x00 0x00          DC8 0, 0, 0
   \              0x00         

   \                                 In section .text, align 4, keep-with-next
   \                     ??DataTable3:
   \   00000000   0xE000ED0C         DC32     0xe000ed0c

   \                                 In section .text, align 4, keep-with-next
   \                     ??DataTable3_1:
   \   00000000   0x05FA0004         DC32     0x5fa0004

   \                                 In section .text, align 4, keep-with-next
   \                     ??DataTable3_2:
   \   00000000   0x........         DC32     ASSERT_FAILED_STR

   \                                 In section .text, align 4, keep-with-next
   \                     ??DataTable3_3:
   \   00000000   0x........         DC32     ?_0

   \                                 In section .text, align 4, keep-with-next
   \                     ??DataTable3_4:
   \   00000000   0x........         DC32     ?_1

   \                                 In section .text, align 4, keep-with-next
   \                     ??DataTable3_5:
   \   00000000   0xE000ED04         DC32     0xe000ed04

   \                                 In section .text, align 4, keep-with-next
   \                     ??DataTable3_6:
   \   00000000   0x........         DC32     vector_str

   \                                 In section .text, align 4, keep-with-next
   \                     ??DataTable3_7:
   \   00000000   0x........         DC32     ?_2

   \                                 In section .rodata, align 4
   \                     ?_0:
   \   00000000   0x0A 0xBD          DC8 "\012\275\370\310\353\313\300\321\255\273\267\265\310\264\375\243\241"
   \              0xF8 0xC8    
   \              0xEB 0xCB    
   \              0xC0 0xD1    
   \              0xAD 0xBB    
   \              0xB7 0xB5    
   \              0xC8 0xB4    
   \              0xFD 0xA3    
   \              0xA1 0x00    
   \   00000012   0x00 0x00          DC8 0, 0

   \                                 In section .rodata, align 4
   \                     ?_1:
   \   00000000   0x0A 0xBD          DC8 "\012\275\370\320\320\275\342\313\370\262\331\327\367\243\254\307\353\326\330\320\302\313\242\310\353\271\314\274\376"
   \              0xF8 0xD0    
   \              0xD0 0xBD    
   \              0xE2 0xCB    
   \              0xF8 0xB2    
   \              0xD9 0xD7    
   \              0xF7 0xA3    
   \              0xAC 0xC7    
   \              0xEB 0xD6    
   \              0xD8 0xD0    
   \              0xC2 0xCB    
   \              0xA2 0xC8    
   \              0xEB 0xB9    
   \              0xCC 0xBC    
   \              0xFE 0x00    
   \   0000001E   0x00 0x00          DC8 0, 0

   \                                 In section .rodata, align 4
   \                     ?_2:
   \   00000000   0x0A 0x2A          DC8 0AH, 2AH, 2AH, 2AH, 2AH, 64H, 65H, 66H
   \              0x2A 0x2A    
   \              0x2A 0x64    
   \              0x65 0x66    
   \   00000008   0x61 0x75          DC8 61H, 75H, 6CH, 74H, 5FH, 69H, 73H, 72H
   \              0x6C 0x74    
   \              0x5F 0x69    
   \              0x73 0x72    
   \   00000010   0x20 0x65          DC8 20H, 65H, 6EH, 74H, 65H, 72H, 65H, 64H
   \              0x6E 0x74    
   \              0x65 0x72    
   \              0x65 0x64    
   \   00000018   0x20 0x6F          DC8 20H, 6FH, 6EH, 20H, 76H, 65H, 63H, 74H
   \              0x6E 0x20    
   \              0x76 0x65    
   \              0x63 0x74    
   \   00000020   0x6F 0x72          DC8 6FH, 72H, 20H, 25H, 64H, 2AH, 2AH, 2AH
   \              0x20 0x25    
   \              0x64 0x2A    
   \              0x2A 0x2A    
   \   00000028   0x2A 0x2A          DC8 2AH, 2AH, 0AH, 0AH, 25H, 73H, 20H, 49H
   \              0x0A 0x0A    
   \              0x25 0x73    
   \              0x20 0x49    
   \   00000030   0x6E 0x74          DC8 6EH, 74H, 65H, 72H, 72H, 75H, 70H, 74H
   \              0x65 0x72    
   \              0x72 0x75    
   \              0x70 0x74    
   \   00000038   0x00               DC8 0
   \   00000039   0x00 0x00          DC8 0, 0, 0
   \              0x00         
    154          {
    155              /******  Cortex-M4 Processor Exceptions Numbers ****************************************************************/
    156              "",                         //0
    157              "",
    158              "NonMaskable"               , /*!< 2 Non Maskable Interrupt                              */
    159              "HardFault"                 , /*!< 3 Hard Fault                                          */
    160              "MemManagement"             , /*!< 4 Cortex-M4 Memory Management Interrupt               */
    161              "BusFault"                  , /*!< 5 Cortex-M4 Bus Fault Interrupt                       */
    162              "UsageFault"                , /*!< 6 Cortex-M4 Usage Fault Interrupt                     */
    163              "",                         //7
    164              "",
    165              "",                         //9
    166              "",
    167              "SVCall"                    , /*!< 11 Cortex-M4 SV Call Interrupt                        */
    168              "DebugMonitor"              , /*!< 12 Cortex-M4 Debug Monitor Interrupt                  */
    169              "",
    170              "PendSV"                    , /*!< 14 Cortex-M4 Pend SV Interrupt                        */
    171              "SysTick"                   , /*!< 15 Cortex-M4 System Tick Interrupt                    */
    172              /******  Kinetis 60 specific Interrupt Numbers **********************************************************************/
    173              "DMA0"                      , // DMA Channel 0 Transfer Complete
    174              "DMA1"                      , // DMA Channel 1 Transfer Complete
    175              "DMA2"                      , // DMA Channel 2 Transfer Complete
    176              "DMA3"                      , // DMA Channel 3 Transfer Complete
    177              "DMA4"                      , // DMA Channel 4 Transfer Complete
    178              "DMA5"                      , // DMA Channel 5 Transfer Complete
    179              "DMA6"                      , // DMA Channel 6 Transfer Complete
    180              "DMA7"                      , // DMA Channel 7 Transfer Complete
    181              "DMA8"                      , // DMA Channel 8 Transfer Complete
    182              "DMA9"                      , // DMA Channel 9 Transfer Complete
    183              "DMA10"                     , // DMA Channel 10 Transfer Complete
    184              "DMA11"                     , // DMA Channel 11 Transfer Complete
    185              "DMA12"                     , // DMA Channel 12 Transfer Complete
    186              "DMA13"                     , // DMA Channel 13 Transfer Complete
    187              "DMA14"                     , // DMA Channel 14 Transfer Complete
    188              "DMA15"                     , // DMA Channel 15 Transfer Complete
    189              "DMA_Error"                 , // DMA Error Interrupt
    190              "MCM"                       , // Normal Interrupt
    191              "FTFL"                      , // FTFL Interrupt
    192              "Read_Collision"            , // Read Collision Interrupt
    193              "LVD_LVW"                   , // Low Voltage Detect, Low Voltage Warning
    194              "LLW"                       , // Low Leakage Wakeup
    195              "Watchdog"                  , // WDOG Interrupt
    196              "RNG"                       , // RNGB Interrupt
    197              "I2C0"                      , // I2C0 interrupt
    198              "I2C1"                      , // I2C1 interrupt
    199              "SPI0"                      , // SPI0 Interrupt
    200              "SPI1"                      , // SPI1 Interrupt
    201              "SPI2"                      , // SPI2 Interrupt
    202              "CAN0_OR_MB_buf"            , // CAN0 OR'd Message Buffers Interrupt
    203              "CAN0_Bus_Off"              , // CAN0 Bus Off Interrupt
    204              "CAN0_Error"                , // CAN0 Error Interrupt
    205              "CAN0_Tx_Warning"           , // CAN0 Tx Warning Interrupt
    206              "CAN0_Rx_Warning"           , // CAN0 Rx Warning Interrupt
    207              "CAN0_Wake_Up"              , // CAN0 Wake Up Interrupt
    208              "Reserved51"                , // 保留 interrupt 51
    209              "Reserved52"                , // 保留 interrupt 52
    210              "CAN1_OR_MB_buf"            , // CAN1 OR'd Message Buffers Interrupt
    211              "CAN1_Bus_Off"              , // CAN1 Bus Off Interrupt
    212              "CAN1_Error"                , // CAN1 Error Interrupt
    213              "CAN1_Tx_Warning"           , // CAN1 Tx Warning Interrupt
    214              "CAN1_Rx_Warning"           , // CAN1 Rx Warning Interrupt
    215              "CAN1_Wake_Up"              , // CAN1 Wake Up Interrupt
    216              "Reserved59"                , // 保留 interrupt 59
    217              "Reserved60"                , // 保留 interrupt 60
    218              "UART0_RX_TX"               , // UART0 Receive/Transmit interrupt
    219              "UART0_ERR"                 , // UART0 Error interrupt
    220              "UART1_RX_TX"               , // UART1 Receive/Transmit interrupt
    221              "UART1_ERR"                 , // UART1 Error interrupt
    222              "UART2_RX_TX"               , // UART2 Receive/Transmit interrupt
    223              "UART2_ERR"                 , // UART2 Error interrupt
    224              "UART3_RX_TX"               , // UART3 Receive/Transmit interrupt
    225              "UART3_ERR"                 , // UART3 Error interrupt
    226              "UART4_RX_TX"               , // UART4 Receive/Transmit interrupt
    227              "UART4_ERR"                 , // UART4 Error interrupt
    228              "UART5_RX_TX"               , // UART5 Receive/Transmit interrupt
    229              "UART5_ERR"                 , // UART5 Error interrupt
    230              "ADC0"                      , // ADC0 interrupt
    231              "ADC1"                      , // ADC1 interrupt
    232              "CMP0"                      , // CMP0 interrupt
    233              "CMP1"                      , // CMP1 interrupt
    234              "CMP2"                      , // CMP2 interrupt
    235              "FTM0"                      , // FTM0 fault, overflow and channels interrupt
    236              "FTM1"                      , // FTM1 fault, overflow and channels interrupt
    237              "FTM2"                      , // FTM2 fault, overflow and channels interrupt
    238              "CMT"                       , // CMT interrupt
    239              "RTC"                       , // RTC interrupt
    240              "Reserved83"                , // 保留 interrupt 83
    241              "PIT0"                      , // PIT timer channel 0 interrupt
    242              "PIT1"                      , // PIT timer channel 1 interrupt
    243              "PIT2"                      , // PIT timer channel 2 interrupt
    244              "PIT3"                      , // PIT timer channel 3 interrupt
    245              "PDB0"                      , // PDB0 Interrupt
    246              "USB0"                      , // USB0 interrupt
    247              "USBDCD"                    , // USBDCD Interrupt
    248              "ENET_1588_Timer"           , // Ethernet MAC IEEE 1588 Timer Interrupt
    249              "ENET_Transmit"             , // Ethernet MAC Transmit Interrupt
    250              "ENET_Receive"              , // Ethernet MAC Receive Interrupt
    251              "ENET_Error"                , // Ethernet MAC Error and miscelaneous Interrupt
    252              "I2S0"                      , // I2S0 Interrupt
    253              "SDHC"                      , // SDHC Interrupt
    254              "DAC0"                      , // DAC0 interrupt
    255              "DAC1"                      , // DAC1 interrupt
    256              "TSI0"                      , // TSI0 Interrupt
    257              "MCG"                       , // MCG Interrupt
    258              "LPTimer"                   , // LPTimer interrupt
    259              "Reserved102"               , // 保留 interrupt 102
    260              "PORTA"                     , // Port A interrupt
    261              "PORTB"                     , // Port B interrupt
    262              "PORTC"                     , // Port C interrupt
    263              "PORTD"                     , // Port D interrupt
    264              "PORTE"                     , // Port E interrupt
    265              "Reserved108"               , // 保留 interrupt 108
    266              "Reserved109"               , // 保留 interrupt 109
    267              "Reserved110"               , // 保留 interrupt 110
    268              "Reserved111"               , // 保留 interrupt 111
    269              "Reserved112"               , // 保留 interrupt 112
    270              "Reserved113"               , // 保留 interrupt 113
    271              "Reserved114"               , // 保留 interrupt 114
    272              "Reserved115"               , // 保留 interrupt 115
    273              "Reserved116"               , // 保留 interrupt 116
    274              "Reserved117"               , // 保留 interrupt 117
    275              "Reserved118"               , // 保留 interrupt 118
    276              "Reserved119"               , // 保留 interrupt 119
    277          };
    278          #endif

   Maximum stack usage in bytes:

   .cstack Function
   ------- --------
       0   NVIC_SystemReset
      16   assert_failed
        16   -> led_init
        16   -> led_turn
        16   -> printf
        16   -> systick_delay_ms
       8   default_isr
         8   -> led_init
         8   -> led_turn
         8   -> printf
         8   -> systick_delay_ms
      16   fputc
        16   -> uart_putchar
       8   start_check
         8   -> NVIC_SystemReset
         8   -> flash_erase_sector
         8   -> flash_init
         8   -> key_check
         8   -> key_init
         8   -> led_init
         8   -> led_turn
         8   -> printf
         8   -> systick_delay_ms


   Section sizes:

   Bytes  Function/Label
   -----  --------------
       4  ??DataTable3
       4  ??DataTable3_1
       4  ??DataTable3_2
       4  ??DataTable3_3
       4  ??DataTable3_4
       4  ??DataTable3_5
       4  ??DataTable3_6
       4  ??DataTable3_7
      20  ?_0
      32  ?_1
      60  ?_2
      36  ASSERT_FAILED_STR
      26  NVIC_SystemReset
      38  assert_failed
      48  default_isr
      20  fputc
     154  start_check
    1800  vector_str

 
 1 800 bytes in section .data
   148 bytes in section .rodata
   318 bytes in section .text
 
   318 bytes of CODE  memory
   148 bytes of CONST memory
 1 800 bytes of DATA  memory

Errors: none
Warnings: none
