###############################################################################
#
# IAR ANSI C/C++ Compiler V7.40.3.8902/W32 for ARM        26/Jul/2016  08:55:26
# Copyright 1999-2015 IAR Systems AB.
#
#    Cpu mode     =  thumb
#    Endian       =  little
#    Source file  =  D:\Study\2016电子设计大赛\Ti\电赛备用底层\App\MK60_it.c
#    Command line =  
#        D:\Study\2016电子设计大赛\Ti\电赛备用底层\App\MK60_it.c -D DEBUG -D
#        ARM_MATH_CM4 -D MK60DZ10 -lCN
#        D:\Study\2016电子设计大赛\Ti\电赛备用底层\Prj\IAR\DZ10_Debug\List\ -lB
#        D:\Study\2016电子设计大赛\Ti\电赛备用底层\Prj\IAR\DZ10_Debug\List\ -o
#        D:\Study\2016电子设计大赛\Ti\电赛备用底层\Prj\IAR\DZ10_Debug\Obj\
#        --no_cse --no_unroll --no_inline --no_code_motion --no_tbaa
#        --no_clustering --no_scheduling --debug --endian=little
#        --cpu=Cortex-M4 -e --fpu=None --dlib_config "E:\IAR for
#        ARM\arm\INC\c\DLib_Config_Full.h" -I
#        D:\Study\2016电子设计大赛\Ti\电赛备用底层\Prj\IAR\..\..\App\ -I
#        D:\Study\2016电子设计大赛\Ti\电赛备用底层\Prj\IAR\..\..\App\Inc\ -I
#        D:\Study\2016电子设计大赛\Ti\电赛备用底层\Prj\IAR\..\..\Board\Inc\ -I
#        D:\Study\2016电子设计大赛\Ti\电赛备用底层\Prj\IAR\..\..\Chip\inc\ -I
#        D:\Study\2016电子设计大赛\Ti\电赛备用底层\Prj\IAR\..\..\Chip\inc\IAR\
#        -I
#        D:\Study\2016电子设计大赛\Ti\电赛备用底层\Prj\IAR\..\..\Chip\inc\kinetis\
#        -I
#        D:\Study\2016电子设计大赛\Ti\电赛备用底层\Prj\IAR\..\..\Lib\CMSIS\Inc\
#        -I D:\Study\2016电子设计大赛\Ti\电赛备用底层\Prj\IAR\..\..\Lib\FatFs\
#        -I D:\Study\2016电子设计大赛\Ti\电赛备用底层\Prj\IAR\..\..\Lib\USB\ -I
#        D:\Study\2016电子设计大赛\Ti\电赛备用底层\Prj\IAR\..\..\Board\Accessories\
#        -I
#        D:\Study\2016电子设计大赛\Ti\电赛备用底层\Prj\IAR\..\..\Board\Accessories\MPU6050\
#        -I
#        D:\Study\2016电子设计大赛\Ti\电赛备用底层\Prj\IAR\..\..\Board\Accessories\IMU\
#        -I
#        D:\Study\2016电子设计大赛\Ti\电赛备用底层\Prj\IAR\..\..\Board\Accessories\Driver\
#        -On
#    List file    =  
#        D:\Study\2016电子设计大赛\Ti\电赛备用底层\Prj\IAR\DZ10_Debug\List\MK60_it.lst
#    Object file  =  
#        D:\Study\2016电子设计大赛\Ti\电赛备用底层\Prj\IAR\DZ10_Debug\Obj\MK60_it.o
#
###############################################################################

D:\Study\2016电子设计大赛\Ti\电赛备用底层\App\MK60_it.c
      1          /*!
      2           *     COPYRIGHT NOTICE
      3           *     Copyright (c) 2013,山外科技
      4           *     All rights reserved.
      5           *     技术讨论：山外论坛 http://www.vcan123.com
      6           *
      7           *     除注明出处外，以下所有内容版权均属山外科技所有，未经允许，不得用于商业用途，
      8           *     修改内容时必须保留山外科技的版权声明。
      9           *
     10           * @file       MK60_it.c
     11           * @brief      山外K60 平台中断服务函数
     12           * @author     山外科技
     13           * @version    v5.0
     14           * @date       2013-06-26
     15           */
     16          
     17          #include    "MK60_it.h"
     18          
     19          
     20          


 

 


Errors: none
Warnings: none
