###############################################################################
#
# IAR ANSI C/C++ Compiler V7.40.3.8902/W32 for ARM        27/Jul/2016  00:13:59
# Copyright 1999-2015 IAR Systems AB.
#
#    Cpu mode     =  thumb
#    Endian       =  little
#    Source file  =  
#        D:\Study\2016电子设计大赛\Ti\电赛备用底层\Board\src\Ultrasonic.c
#    Command line =  
#        D:\Study\2016电子设计大赛\Ti\电赛备用底层\Board\src\Ultrasonic.c -D
#        DEBUG -D ARM_MATH_CM4 -D MK60DZ10 -lCN
#        D:\Study\2016电子设计大赛\Ti\电赛备用底层\Prj\IAR\DZ10_Debug\List\ -lB
#        D:\Study\2016电子设计大赛\Ti\电赛备用底层\Prj\IAR\DZ10_Debug\List\ -o
#        D:\Study\2016电子设计大赛\Ti\电赛备用底层\Prj\IAR\DZ10_Debug\Obj\
#        --no_cse --no_unroll --no_inline --no_code_motion --no_tbaa
#        --no_clustering --no_scheduling --debug --endian=little
#        --cpu=Cortex-M4 -e --fpu=None --dlib_config "E:\IAR for
#        ARM\arm\INC\c\DLib_Config_Full.h" -I
#        D:\Study\2016电子设计大赛\Ti\电赛备用底层\Prj\IAR\..\..\App\ -I
#        D:\Study\2016电子设计大赛\Ti\电赛备用底层\Prj\IAR\..\..\App\Inc\ -I
#        D:\Study\2016电子设计大赛\Ti\电赛备用底层\Prj\IAR\..\..\Board\Inc\ -I
#        D:\Study\2016电子设计大赛\Ti\电赛备用底层\Prj\IAR\..\..\Chip\inc\ -I
#        D:\Study\2016电子设计大赛\Ti\电赛备用底层\Prj\IAR\..\..\Chip\inc\IAR\
#        -I
#        D:\Study\2016电子设计大赛\Ti\电赛备用底层\Prj\IAR\..\..\Chip\inc\kinetis\
#        -I
#        D:\Study\2016电子设计大赛\Ti\电赛备用底层\Prj\IAR\..\..\Lib\CMSIS\Inc\
#        -I D:\Study\2016电子设计大赛\Ti\电赛备用底层\Prj\IAR\..\..\Lib\FatFs\
#        -I D:\Study\2016电子设计大赛\Ti\电赛备用底层\Prj\IAR\..\..\Lib\USB\ -I
#        D:\Study\2016电子设计大赛\Ti\电赛备用底层\Prj\IAR\..\..\Board\Accessories\
#        -I
#        D:\Study\2016电子设计大赛\Ti\电赛备用底层\Prj\IAR\..\..\Board\Accessories\MPU6050\
#        -I
#        D:\Study\2016电子设计大赛\Ti\电赛备用底层\Prj\IAR\..\..\Board\Accessories\IMU\
#        -I
#        D:\Study\2016电子设计大赛\Ti\电赛备用底层\Prj\IAR\..\..\Board\Accessories\Driver\
#        -On
#    List file    =  
#        D:\Study\2016电子设计大赛\Ti\电赛备用底层\Prj\IAR\DZ10_Debug\List\Ultrasonic.lst
#    Object file  =  
#        D:\Study\2016电子设计大赛\Ti\电赛备用底层\Prj\IAR\DZ10_Debug\Obj\Ultrasonic.o
#
###############################################################################

D:\Study\2016电子设计大赛\Ti\电赛备用底层\Board\src\Ultrasonic.c
      1          #include "Ultrasonic.h"

   \                                 In section .text, align 2, keep-with-next
   \   static __interwork __softfp void NVIC_EnableIRQ(IRQn_Type)
   \                     NVIC_EnableIRQ: (+1)
   \   00000000   0x2101             MOVS     R1,#+1
   \   00000002   0xF010 0x021F      ANDS     R2,R0,#0x1F
   \   00000006   0x4091             LSLS     R1,R1,R2
   \   00000008   0x....             LDR.N    R2,??DataTable2  ;; 0xe000e100
   \   0000000A   0xB240             SXTB     R0,R0            ;; SignExt  R0,R0,#+24,#+24
   \   0000000C   0x0943             LSRS     R3,R0,#+5
   \   0000000E   0xF842 0x1023      STR      R1,[R2, R3, LSL #+2]
   \   00000012   0x4770             BX       LR               ;; return
      2          
      3          
      4          

   \                                 In section .bss, align 4
      5          float DistanceCollect[3];
   \                     DistanceCollect:
   \   00000000                      DS8 12

   \                                 In section .bss, align 4
      6          float DistanceNew;
   \                     DistanceNew:
   \   00000000                      DS8 4

   \                                 In section .bss, align 4
      7          float DistanceCal[3];
   \                     DistanceCal:
   \   00000000                      DS8 12

   \                                 In section .bss, align 4
      8          float DistanceConfim;
   \                     DistanceConfim:
   \   00000000                      DS8 4
      9          
     10          

   \                                 In section .text, align 2, keep-with-next
     11          void Ultra_Init(void)  //右
     12          {
   \                     Ultra_Init: (+1)
   \   00000000   0xB510             PUSH     {R4,LR}
     13            int i;
     14            gpio_init (TRIG, GPO, 1);
   \   00000002   0x2201             MOVS     R2,#+1
   \   00000004   0x2101             MOVS     R1,#+1
   \   00000006   0x2012             MOVS     R0,#+18
   \   00000008   0x.... 0x....      BL       gpio_init
     15            for(i=0;i<500;i++);
   \   0000000C   0x2000             MOVS     R0,#+0
   \   0000000E   0x0004             MOVS     R4,R0
   \                     ??Ultra_Init_0: (+1)
   \   00000010   0xF5B4 0x7FFA      CMP      R4,#+500
   \   00000014   0xDA01             BGE.N    ??Ultra_Init_1
   \   00000016   0x1C64             ADDS     R4,R4,#+1
   \   00000018   0xE7FA             B.N      ??Ultra_Init_0
     16            gpio_init (TRIG, GPO, 0);
   \                     ??Ultra_Init_1: (+1)
   \   0000001A   0x2200             MOVS     R2,#+0
   \   0000001C   0x2101             MOVS     R1,#+1
   \   0000001E   0x2012             MOVS     R0,#+18
   \   00000020   0x.... 0x....      BL       gpio_init
     17            PORTC_PCR0=PORT_PCR_MUX(1)|PORT_PCR_IRQC(9);
   \   00000024   0x....             LDR.N    R0,??DataTable2_1  ;; 0x90100
   \   00000026   0x....             LDR.N    R1,??DataTable2_2  ;; 0x4004b000
   \   00000028   0x6008             STR      R0,[R1, #+0]
     18            enable_irq(PORTC_IRQn);
   \   0000002A   0x2059             MOVS     R0,#+89
   \   0000002C   0x.... 0x....      BL       NVIC_EnableIRQ
     19          }
   \   00000030   0xBD10             POP      {R4,PC}          ;; return
     20          

   \                                 In section .text, align 2, keep-with-next
     21          void Ultrasonic(void)
     22          {
   \                     Ultrasonic: (+1)
   \   00000000   0xB538             PUSH     {R3-R5,LR}
     23             
     24                  static uint8 SendFlag = 0;
     25                  static int64 StartTime, FinishTime;
     26                  if(SendFlag==0)
   \   00000002   0x....             LDR.N    R0,??DataTable2_3
   \   00000004   0x7800             LDRB     R0,[R0, #+0]
   \   00000006   0x2800             CMP      R0,#+0
   \   00000008   0xD10C             BNE.N    ??Ultrasonic_0
     27                  {
     28                    StartTime=PIT_CVAL1 ;
   \   0000000A   0x....             LDR.N    R0,??DataTable2_4  ;; 0x40037114
   \   0000000C   0x6800             LDR      R0,[R0, #+0]
   \   0000000E   0x2100             MOVS     R1,#+0
   \   00000010   0x....             LDR.N    R2,??DataTable2_5
   \   00000012   0xE9C2 0x0100      STRD     R0,R1,[R2, #+0]
     29                    SendFlag=1;
   \   00000016   0x2001             MOVS     R0,#+1
   \   00000018   0x....             LDR.N    R1,??DataTable2_3
   \   0000001A   0x7008             STRB     R0,[R1, #+0]
     30                    PORTC_PCR0=PORT_PCR_MUX(1)|PORT_PCR_IRQC(10);
   \   0000001C   0x....             LDR.N    R0,??DataTable2_6  ;; 0xa0100
   \   0000001E   0x....             LDR.N    R1,??DataTable2_2  ;; 0x4004b000
   \   00000020   0x6008             STR      R0,[R1, #+0]
   \   00000022   0xE08D             B.N      ??Ultrasonic_1
     31                  }
     32                  else if(SendFlag==1)
   \                     ??Ultrasonic_0: (+1)
   \   00000024   0x....             LDR.N    R0,??DataTable2_3
   \   00000026   0x7800             LDRB     R0,[R0, #+0]
   \   00000028   0x2801             CMP      R0,#+1
   \   0000002A   0xF040 0x8089      BNE.W    ??Ultrasonic_1
     33                  {
     34                      FinishTime=PIT_CVAL1;
   \   0000002E   0x....             LDR.N    R0,??DataTable2_4  ;; 0x40037114
   \   00000030   0x6800             LDR      R0,[R0, #+0]
   \   00000032   0x2100             MOVS     R1,#+0
   \   00000034   0x....             LDR.N    R2,??DataTable2_7
   \   00000036   0xE9C2 0x0100      STRD     R0,R1,[R2, #+0]
     35                      SendFlag=0;
   \   0000003A   0x2000             MOVS     R0,#+0
   \   0000003C   0x....             LDR.N    R1,??DataTable2_3
   \   0000003E   0x7008             STRB     R0,[R1, #+0]
     36                      PIT_TFLG1 = 1;
   \   00000040   0x2001             MOVS     R0,#+1
   \   00000042   0x....             LDR.N    R1,??DataTable2_8  ;; 0x4003711c
   \   00000044   0x6008             STR      R0,[R1, #+0]
     37                      if((StartTime-FinishTime)<0)
   \   00000046   0x....             LDR.N    R0,??DataTable2_5
   \   00000048   0xE9D0 0x2300      LDRD     R2,R3,[R0, #+0]
   \   0000004C   0x....             LDR.N    R0,??DataTable2_7
   \   0000004E   0xE9D0 0x4500      LDRD     R4,R5,[R0, #+0]
   \   00000052   0x1B10             SUBS     R0,R2,R4
   \   00000054   0xEB73 0x0105      SBCS     R1,R3,R5
   \   00000058   0x2900             CMP      R1,#+0
   \   0000005A   0xDC1A             BGT.N    ??Ultrasonic_2
   \   0000005C   0xDB01             BLT.N    ??Ultrasonic_3
   \   0000005E   0x2800             CMP      R0,#+0
   \   00000060   0xD217             BCS.N    ??Ultrasonic_2
     38                      {
     39                        DistanceNew=0.00011*(StartTime-FinishTime+15000000);
   \                     ??Ultrasonic_3: (+1)
   \   00000062   0x....             LDR.N    R0,??DataTable2_5
   \   00000064   0xE9D0 0x2300      LDRD     R2,R3,[R0, #+0]
   \   00000068   0x....             LDR.N    R0,??DataTable2_7
   \   0000006A   0xE9D0 0x4500      LDRD     R4,R5,[R0, #+0]
   \   0000006E   0x1B10             SUBS     R0,R2,R4
   \   00000070   0xEB73 0x0105      SBCS     R1,R3,R5
   \   00000074   0x....             LDR.N    R2,??DataTable2_9  ;; 0xe4e1c0
   \   00000076   0x2300             MOVS     R3,#+0
   \   00000078   0x1880             ADDS     R0,R0,R2
   \   0000007A   0x4159             ADCS     R1,R1,R3
   \   0000007C   0x.... 0x....      BL       __aeabi_l2d
   \   00000080   0x....             LDR.N    R2,??DataTable2_10  ;; 0x9c38b04b
   \   00000082   0x....             LDR.N    R3,??DataTable2_11  ;; 0x3f1cd5f9
   \   00000084   0x.... 0x....      BL       __aeabi_dmul
   \   00000088   0x.... 0x....      BL       __aeabi_d2f
   \   0000008C   0x....             LDR.N    R1,??DataTable2_12
   \   0000008E   0x6008             STR      R0,[R1, #+0]
   \   00000090   0xE020             B.N      ??Ultrasonic_4
     40                      }     
     41                      else if((StartTime-FinishTime)>0)
   \                     ??Ultrasonic_2: (+1)
   \   00000092   0x....             LDR.N    R0,??DataTable2_5
   \   00000094   0xE9D0 0x2300      LDRD     R2,R3,[R0, #+0]
   \   00000098   0x....             LDR.N    R0,??DataTable2_7
   \   0000009A   0xE9D0 0x4500      LDRD     R4,R5,[R0, #+0]
   \   0000009E   0x1B10             SUBS     R0,R2,R4
   \   000000A0   0xEB73 0x0105      SBCS     R1,R3,R5
   \   000000A4   0x2900             CMP      R1,#+0
   \   000000A6   0xDB15             BLT.N    ??Ultrasonic_4
   \   000000A8   0xDC01             BGT.N    ??Ultrasonic_5
   \   000000AA   0x2801             CMP      R0,#+1
   \   000000AC   0xD312             BCC.N    ??Ultrasonic_4
     42                      DistanceNew=0.00011*(StartTime-FinishTime);
   \                     ??Ultrasonic_5: (+1)
   \   000000AE   0x....             LDR.N    R0,??DataTable2_5
   \   000000B0   0xE9D0 0x2300      LDRD     R2,R3,[R0, #+0]
   \   000000B4   0x....             LDR.N    R0,??DataTable2_7
   \   000000B6   0xE9D0 0x4500      LDRD     R4,R5,[R0, #+0]
   \   000000BA   0x1B10             SUBS     R0,R2,R4
   \   000000BC   0xEB73 0x0105      SBCS     R1,R3,R5
   \   000000C0   0x.... 0x....      BL       __aeabi_l2d
   \   000000C4   0x....             LDR.N    R2,??DataTable2_10  ;; 0x9c38b04b
   \   000000C6   0x....             LDR.N    R3,??DataTable2_11  ;; 0x3f1cd5f9
   \   000000C8   0x.... 0x....      BL       __aeabi_dmul
   \   000000CC   0x.... 0x....      BL       __aeabi_d2f
   \   000000D0   0x....             LDR.N    R1,??DataTable2_12
   \   000000D2   0x6008             STR      R0,[R1, #+0]
     43                  DistanceCollect[2]=DistanceCollect[1];
   \                     ??Ultrasonic_4: (+1)
   \   000000D4   0x....             LDR.N    R0,??DataTable2_13
   \   000000D6   0x6840             LDR      R0,[R0, #+4]
   \   000000D8   0x....             LDR.N    R1,??DataTable2_13
   \   000000DA   0x6088             STR      R0,[R1, #+8]
     44                  DistanceCollect[1]=DistanceCollect[0];
   \   000000DC   0x....             LDR.N    R0,??DataTable2_13
   \   000000DE   0x6800             LDR      R0,[R0, #+0]
   \   000000E0   0x....             LDR.N    R1,??DataTable2_13
   \   000000E2   0x6048             STR      R0,[R1, #+4]
     45                  DistanceCollect[0]=DistanceNew;  
   \   000000E4   0x....             LDR.N    R0,??DataTable2_12
   \   000000E6   0x6800             LDR      R0,[R0, #+0]
   \   000000E8   0x....             LDR.N    R1,??DataTable2_13
   \   000000EA   0x6008             STR      R0,[R1, #+0]
     46          
     47                  DistanceConfim=0.1*DistanceCollect[2]+0.3*DistanceCollect[1]+DistanceCollect[0]*0.6;
   \   000000EC   0x....             LDR.N    R0,??DataTable2_13
   \   000000EE   0x6880             LDR      R0,[R0, #+8]
   \   000000F0   0x.... 0x....      BL       __aeabi_f2d
   \   000000F4   0x....             LDR.N    R2,??DataTable2_14  ;; 0x9999999a
   \   000000F6   0x....             LDR.N    R3,??DataTable2_15  ;; 0x3fb99999
   \   000000F8   0x.... 0x....      BL       __aeabi_dmul
   \   000000FC   0x0004             MOVS     R4,R0
   \   000000FE   0x000D             MOVS     R5,R1
   \   00000100   0x....             LDR.N    R0,??DataTable2_13
   \   00000102   0x6840             LDR      R0,[R0, #+4]
   \   00000104   0x.... 0x....      BL       __aeabi_f2d
   \   00000108   0xF05F 0x3233      MOVS     R2,#+858993459
   \   0000010C   0x....             LDR.N    R3,??DataTable2_16  ;; 0x3fd33333
   \   0000010E   0x.... 0x....      BL       __aeabi_dmul
   \   00000112   0x0022             MOVS     R2,R4
   \   00000114   0x002B             MOVS     R3,R5
   \   00000116   0x.... 0x....      BL       __aeabi_dadd
   \   0000011A   0x0004             MOVS     R4,R0
   \   0000011C   0x000D             MOVS     R5,R1
   \   0000011E   0x....             LDR.N    R0,??DataTable2_13
   \   00000120   0x6800             LDR      R0,[R0, #+0]
   \   00000122   0x.... 0x....      BL       __aeabi_f2d
   \   00000126   0xF05F 0x3233      MOVS     R2,#+858993459
   \   0000012A   0x....             LDR.N    R3,??DataTable2_17  ;; 0x3fe33333
   \   0000012C   0x.... 0x....      BL       __aeabi_dmul
   \   00000130   0x0022             MOVS     R2,R4
   \   00000132   0x002B             MOVS     R3,R5
   \   00000134   0x.... 0x....      BL       __aeabi_dadd
   \   00000138   0x.... 0x....      BL       __aeabi_d2f
   \   0000013C   0x....             LDR.N    R1,??DataTable2_18
   \   0000013E   0x6008             STR      R0,[R1, #+0]
     48                  }   
     49             
     50            PORTC_PCR0|=PORT_PCR_ISF_MASK;//清除中断标志位
   \                     ??Ultrasonic_1: (+1)
   \   00000140   0x....             LDR.N    R0,??DataTable2_2  ;; 0x4004b000
   \   00000142   0x6800             LDR      R0,[R0, #+0]
   \   00000144   0xF050 0x7080      ORRS     R0,R0,#0x1000000
   \   00000148   0x....             LDR.N    R1,??DataTable2_2  ;; 0x4004b000
   \   0000014A   0x6008             STR      R0,[R1, #+0]
     51          
     52          
     53          
     54          }
   \   0000014C   0xBD31             POP      {R0,R4,R5,PC}    ;; return

   \                                 In section .bss, align 1
   \                     ??SendFlag:
   \   00000000                      DS8 1

   \                                 In section .bss, align 8
   \                     ??StartTime:
   \   00000000                      DS8 8

   \                                 In section .bss, align 8
   \                     ??FinishTime:
   \   00000000                      DS8 8

   \                                 In section .text, align 4, keep-with-next
   \                     ??DataTable2:
   \   00000000   0xE000E100         DC32     0xe000e100

   \                                 In section .text, align 4, keep-with-next
   \                     ??DataTable2_1:
   \   00000000   0x00090100         DC32     0x90100

   \                                 In section .text, align 4, keep-with-next
   \                     ??DataTable2_2:
   \   00000000   0x4004B000         DC32     0x4004b000

   \                                 In section .text, align 4, keep-with-next
   \                     ??DataTable2_3:
   \   00000000   0x........         DC32     ??SendFlag

   \                                 In section .text, align 4, keep-with-next
   \                     ??DataTable2_4:
   \   00000000   0x40037114         DC32     0x40037114

   \                                 In section .text, align 4, keep-with-next
   \                     ??DataTable2_5:
   \   00000000   0x........         DC32     ??StartTime

   \                                 In section .text, align 4, keep-with-next
   \                     ??DataTable2_6:
   \   00000000   0x000A0100         DC32     0xa0100

   \                                 In section .text, align 4, keep-with-next
   \                     ??DataTable2_7:
   \   00000000   0x........         DC32     ??FinishTime

   \                                 In section .text, align 4, keep-with-next
   \                     ??DataTable2_8:
   \   00000000   0x4003711C         DC32     0x4003711c

   \                                 In section .text, align 4, keep-with-next
   \                     ??DataTable2_9:
   \   00000000   0x00E4E1C0         DC32     0xe4e1c0

   \                                 In section .text, align 4, keep-with-next
   \                     ??DataTable2_10:
   \   00000000   0x9C38B04B         DC32     0x9c38b04b

   \                                 In section .text, align 4, keep-with-next
   \                     ??DataTable2_11:
   \   00000000   0x3F1CD5F9         DC32     0x3f1cd5f9

   \                                 In section .text, align 4, keep-with-next
   \                     ??DataTable2_12:
   \   00000000   0x........         DC32     DistanceNew

   \                                 In section .text, align 4, keep-with-next
   \                     ??DataTable2_13:
   \   00000000   0x........         DC32     DistanceCollect

   \                                 In section .text, align 4, keep-with-next
   \                     ??DataTable2_14:
   \   00000000   0x9999999A         DC32     0x9999999a

   \                                 In section .text, align 4, keep-with-next
   \                     ??DataTable2_15:
   \   00000000   0x3FB99999         DC32     0x3fb99999

   \                                 In section .text, align 4, keep-with-next
   \                     ??DataTable2_16:
   \   00000000   0x3FD33333         DC32     0x3fd33333

   \                                 In section .text, align 4, keep-with-next
   \                     ??DataTable2_17:
   \   00000000   0x3FE33333         DC32     0x3fe33333

   \                                 In section .text, align 4, keep-with-next
   \                     ??DataTable2_18:
   \   00000000   0x........         DC32     DistanceConfim

   Maximum stack usage in bytes:

   .cstack Function
   ------- --------
       0   NVIC_EnableIRQ
       8   Ultra_Init
         8   -> NVIC_EnableIRQ
         8   -> gpio_init
      16   Ultrasonic
        16   -> __aeabi_d2f
        16   -> __aeabi_dadd
        16   -> __aeabi_dmul
        16   -> __aeabi_f2d
        16   -> __aeabi_l2d


   Section sizes:

   Bytes  Function/Label
   -----  --------------
       4  ??DataTable2
       4  ??DataTable2_1
       4  ??DataTable2_10
       4  ??DataTable2_11
       4  ??DataTable2_12
       4  ??DataTable2_13
       4  ??DataTable2_14
       4  ??DataTable2_15
       4  ??DataTable2_16
       4  ??DataTable2_17
       4  ??DataTable2_18
       4  ??DataTable2_2
       4  ??DataTable2_3
       4  ??DataTable2_4
       4  ??DataTable2_5
       4  ??DataTable2_6
       4  ??DataTable2_7
       4  ??DataTable2_8
       4  ??DataTable2_9
      12  DistanceCal
      12  DistanceCollect
       4  DistanceConfim
       4  DistanceNew
       8  FinishTime
      20  NVIC_EnableIRQ
       1  SendFlag
       8  StartTime
      50  Ultra_Init
     334  Ultrasonic

 
  49 bytes in section .bss
 480 bytes in section .text
 
 480 bytes of CODE memory
  49 bytes of DATA memory

Errors: none
Warnings: none
